{"numFailedTestSuites":18,"numFailedTests":33,"numPassedTestSuites":4,"numPassedTests":167,"numPendingTestSuites":0,"numPendingTests":0,"numRuntimeErrorTestSuites":8,"numTodoTests":0,"numTotalTestSuites":22,"numTotalTests":200,"openHandles":[],"snapshot":{"added":0,"didUpdate":false,"failure":false,"filesAdded":0,"filesRemoved":0,"filesRemovedList":[],"filesUnmatched":0,"filesUpdated":0,"matched":0,"total":0,"unchecked":0,"uncheckedKeysByFile":[],"unmatched":0,"updated":0},"startTime":1762447850162,"success":false,"testResults":[{"assertionResults":[],"coverage":{},"endTime":1762447862158,"message":"  ● Test suite failed to run\n\n    Jest encountered an unexpected token\n\n    Jest failed to parse a file. This happens e.g. when your code or its dependencies use non-standard JavaScript syntax, or when Jest is not configured to support such syntax.\n\n    Out of the box Jest supports Babel, which will be used to transform your files into valid JS based on your Babel configuration.\n\n    By default \"node_modules\" folder is ignored by transformers.\n\n    Here's what you can do:\n     • If you are trying to use ECMAScript Modules, see https://jestjs.io/docs/ecmascript-modules for how to enable it.\n     • If you are trying to use TypeScript, see https://jestjs.io/docs/getting-started#using-typescript\n     • To have some of your \"node_modules\" files transformed, you can specify a custom \"transformIgnorePatterns\" in your config.\n     • If you need a custom transformation, specify a \"transform\" option in your config.\n     • If you simply want to mock your non-JS modules (e.g. binary assets) you can stub them out with the \"moduleNameMapper\" config option.\n\n    You'll find more details and examples of these config options in the docs:\n    https://jestjs.io/docs/configuration\n    For information about custom transformations, see:\n    https://jestjs.io/docs/code-transformation\n\n    Details:\n\n    SyntaxError: /home/runner/work/fleetwise-frontend/fleetwise-frontend/tests/unit/JobForm.test.tsx: Unexpected token (141:4)\n\n    \u001b[0m \u001b[90m 139 |\u001b[39m       \u001b[90m// base_price is a number\u001b[39m\n     \u001b[90m 140 |\u001b[39m       expect(screen\u001b[33m.\u001b[39mgetByLabelText(\u001b[35m/base price/i\u001b[39m))\u001b[33m.\u001b[39mtoHaveValue(\u001b[35m50\u001b[39m)\u001b[33m;\u001b[39m\n    \u001b[31m\u001b[1m>\u001b[22m\u001b[39m\u001b[90m 141 |\u001b[39m     })\u001b[33m;\u001b[39m\n     \u001b[90m     |\u001b[39m     \u001b[31m\u001b[1m^\u001b[22m\u001b[39m\n     \u001b[90m 142 |\u001b[39m\n     \u001b[90m 143 |\u001b[39m     it(\u001b[32m'calls updateJob with job ID and updated payload on form submission'\u001b[39m\u001b[33m,\u001b[39m \u001b[36masync\u001b[39m () \u001b[33m=>\u001b[39m {\n     \u001b[90m 144 |\u001b[39m       \u001b[36mconst\u001b[39m onSuccess \u001b[33m=\u001b[39m jest\u001b[33m.\u001b[39mfn()\u001b[33m;\u001b[39m\u001b[0m\n\n      at constructor (node_modules/@babel/parser/src/parse-error.ts:95:45)\n      at TypeScriptParserMixin.toParseError [as raise] (node_modules/@babel/parser/src/tokenizer/index.ts:1503:19)\n      at TypeScriptParserMixin.raise [as unexpected] (node_modules/@babel/parser/src/tokenizer/index.ts:1543:16)\n      at TypeScriptParserMixin.unexpected (node_modules/@babel/parser/src/parser/expression.ts:1350:16)\n      at TypeScriptParserMixin.parseExprAtom (node_modules/@babel/parser/src/plugins/jsx/index.ts:583:22)\n      at TypeScriptParserMixin.parseExprAtom [as parseExprSubscripts] (node_modules/@babel/parser/src/parser/expression.ts:734:23)\n      at TypeScriptParserMixin.parseExprSubscripts [as parseUpdate] (node_modules/@babel/parser/src/parser/expression.ts:713:21)\n      at TypeScriptParserMixin.parseUpdate (node_modules/@babel/parser/src/parser/expression.ts:675:23)\n      at TypeScriptParserMixin.parseMaybeUnary (node_modules/@babel/parser/src/plugins/typescript/index.ts:3853:20)\n      at TypeScriptParserMixin.parseMaybeUnary [as parseMaybeUnaryOrPrivate] (node_modules/@babel/parser/src/parser/expression.ts:409:14)\n      at TypeScriptParserMixin.parseMaybeUnaryOrPrivate [as parseExprOps] (node_modules/@babel/parser/src/parser/expression.ts:421:23)\n      at TypeScriptParserMixin.parseExprOps [as parseMaybeConditional] (node_modules/@babel/parser/src/parser/expression.ts:376:23)\n      at TypeScriptParserMixin.parseMaybeConditional (node_modules/@babel/parser/src/parser/expression.ts:301:21)\n      at TypeScriptParserMixin.parseMaybeAssign (node_modules/@babel/parser/src/plugins/typescript/index.ts:3725:22)\n      at TypeScriptParserMixin.parseMaybeAssign [as parseExpressionBase] (node_modules/@babel/parser/src/parser/expression.ts:226:23)\n      at parseExpressionBase (node_modules/@babel/parser/src/parser/expression.ts:217:39)\n      at TypeScriptParserMixin.callback [as allowInAnd] (node_modules/@babel/parser/src/parser/expression.ts:3187:16)\n      at TypeScriptParserMixin.allowInAnd [as parseExpression] (node_modules/@babel/parser/src/parser/expression.ts:217:17)\n      at TypeScriptParserMixin.parseExpression (node_modules/@babel/parser/src/parser/statement.ts:683:23)\n      at TypeScriptParserMixin.parseStatementContent (node_modules/@babel/parser/src/plugins/typescript/index.ts:3183:20)\n      at TypeScriptParserMixin.parseStatementContent [as parseStatementLike] (node_modules/@babel/parser/src/parser/statement.ts:477:17)\n      at TypeScriptParserMixin.parseStatementLike [as parseModuleItem] (node_modules/@babel/parser/src/parser/statement.ts:414:17)\n      at TypeScriptParserMixin.parseModuleItem [as parseBlockOrModuleBlockBody] (node_modules/@babel/parser/src/parser/statement.ts:1438:16)\n      at TypeScriptParserMixin.parseBlockOrModuleBlockBody [as parseBlockBody] (node_modules/@babel/parser/src/parser/statement.ts:1412:10)\n      at TypeScriptParserMixin.parseBlockBody [as parseProgram] (node_modules/@babel/parser/src/parser/statement.ts:229:10)\n      at TypeScriptParserMixin.parseProgram [as parseTopLevel] (node_modules/@babel/parser/src/parser/statement.ts:203:25)\n      at TypeScriptParserMixin.parseTopLevel (node_modules/@babel/parser/src/parser/index.ts:93:10)\n      at TypeScriptParserMixin.parse (node_modules/@babel/parser/src/plugins/typescript/index.ts:4307:20)\n      at parse (node_modules/@babel/parser/src/index.ts:54:26)\n      at parser (node_modules/@babel/core/src/parser/index.ts:28:19)\n          at parser.next (<anonymous>)\n      at normalizeFile (node_modules/@babel/core/src/transformation/normalize-file.ts:49:24)\n          at normalizeFile.next (<anonymous>)\n      at run (node_modules/@babel/core/src/transformation/index.ts:40:36)\n          at run.next (<anonymous>)\n      at transform (node_modules/@babel/core/src/transform.ts:29:20)\n          at transform.next (<anonymous>)\n      at evaluateSync (node_modules/gensync/index.js:251:28)\n      at sync (node_modules/gensync/index.js:89:14)\n      at fn (node_modules/@babel/core/src/errors/rewrite-stack-trace.ts:99:14)\n      at transformSync (node_modules/@babel/core/src/transform.ts:66:52)\n      at ScriptTransformer.transformSource (node_modules/@jest/transform/build/index.js:422:31)\n      at ScriptTransformer._transformAndBuildScript (node_modules/@jest/transform/build/index.js:519:40)\n      at ScriptTransformer.transform (node_modules/@jest/transform/build/index.js:558:19)\n","name":"/home/runner/work/fleetwise-frontend/fleetwise-frontend/tests/unit/JobForm.test.tsx","startTime":1762447862158,"status":"failed","summary":""},{"assertionResults":[{"ancestorTitles":["Select","Rendering"],"duration":87,"failing":false,"failureDetails":[],"failureMessages":[],"fullName":"Select Rendering renders the select with options","invocations":1,"location":null,"numPassingAsserts":4,"retryReasons":[],"startAt":1762447852028,"status":"passed","title":"renders the select with options"},{"ancestorTitles":["Select","Rendering"],"duration":8,"failing":false,"failureDetails":[{"name":"TestingLibraryElementError"}],"failureMessages":["TestingLibraryElementError: Unable to find an element with the text: Select an option. This could be because the text is broken up by multiple elements. In this case, you can provide a function for your text matcher to make your matcher more flexible.\n\nIgnored nodes: comments, script, style\n\u001b[36m<body>\u001b[39m\n  \u001b[36m<div>\u001b[39m\n    \u001b[36m<select\u001b[39m\n      \u001b[33mclass\u001b[39m=\u001b[32m\"w-full rounded-lg px-3 py-2 text-sm transition-colors appearance-none bg-background-light border-border-color text-text-main focus:outline-none focus:ring-2 focus:ring-primary/30 focus:border-primary disabled:opacity-50 disabled:cursor-not-allowed\"\u001b[39m\n      \u001b[33mplaceholder\u001b[39m=\u001b[32m\"Select an option\"\u001b[39m\n    \u001b[36m>\u001b[39m\n      \u001b[36m<option\u001b[39m\n        \u001b[33mclass\u001b[39m=\u001b[32m\"bg-background-light text-text-main\"\u001b[39m\n        \u001b[33mvalue\u001b[39m=\u001b[32m\"\"\u001b[39m\n      \u001b[36m>\u001b[39m\n        \u001b[0mSelect...\u001b[0m\n      \u001b[36m</option>\u001b[39m\n      \u001b[36m<option\u001b[39m\n        \u001b[33mclass\u001b[39m=\u001b[32m\"bg-background-light text-text-main\"\u001b[39m\n        \u001b[33mvalue\u001b[39m=\u001b[32m\"option1\"\u001b[39m\n      \u001b[36m>\u001b[39m\n        \u001b[0mOption 1\u001b[0m\n      \u001b[36m</option>\u001b[39m\n      \u001b[36m<option\u001b[39m\n        \u001b[33mclass\u001b[39m=\u001b[32m\"bg-background-light text-text-main\"\u001b[39m\n        \u001b[33mvalue\u001b[39m=\u001b[32m\"option2\"\u001b[39m\n      \u001b[36m>\u001b[39m\n        \u001b[0mOption 2\u001b[0m\n      \u001b[36m</option>\u001b[39m\n      \u001b[36m<option\u001b[39m\n        \u001b[33mclass\u001b[39m=\u001b[32m\"bg-background-light text-text-main\"\u001b[39m\n        \u001b[33mvalue\u001b[39m=\u001b[32m\"option3\"\u001b[39m\n      \u001b[36m>\u001b[39m\n        \u001b[0mOption 3\u001b[0m\n      \u001b[36m</option>\u001b[39m\n    \u001b[36m</select>\u001b[39m\n  \u001b[36m</div>\u001b[39m\n\u001b[36m</body>\u001b[39m\n    at Object.getElementError (/home/runner/work/fleetwise-frontend/fleetwise-frontend/node_modules/@testing-library/dom/dist/config.js:37:19)\n    at /home/runner/work/fleetwise-frontend/fleetwise-frontend/node_modules/@testing-library/dom/dist/query-helpers.js:76:38\n    at /home/runner/work/fleetwise-frontend/fleetwise-frontend/node_modules/@testing-library/dom/dist/query-helpers.js:52:17\n    at /home/runner/work/fleetwise-frontend/fleetwise-frontend/node_modules/@testing-library/dom/dist/query-helpers.js:95:19\n    at Object.getByText (/home/runner/work/fleetwise-frontend/fleetwise-frontend/tests/integration/Select.test.tsx:24:21)\n    at Promise.finally.completed (/home/runner/work/fleetwise-frontend/fleetwise-frontend/node_modules/jest-circus/build/jestAdapterInit.js:1559:28)\n    at new Promise (<anonymous>)\n    at callAsyncCircusFn (/home/runner/work/fleetwise-frontend/fleetwise-frontend/node_modules/jest-circus/build/jestAdapterInit.js:1499:10)\n    at _callCircusTest (/home/runner/work/fleetwise-frontend/fleetwise-frontend/node_modules/jest-circus/build/jestAdapterInit.js:1009:40)\n    at _runTest (/home/runner/work/fleetwise-frontend/fleetwise-frontend/node_modules/jest-circus/build/jestAdapterInit.js:949:3)\n    at _runTestsForDescribeBlock (/home/runner/work/fleetwise-frontend/fleetwise-frontend/node_modules/jest-circus/build/jestAdapterInit.js:839:13)\n    at _runTestsForDescribeBlock (/home/runner/work/fleetwise-frontend/fleetwise-frontend/node_modules/jest-circus/build/jestAdapterInit.js:829:11)\n    at _runTestsForDescribeBlock (/home/runner/work/fleetwise-frontend/fleetwise-frontend/node_modules/jest-circus/build/jestAdapterInit.js:829:11)\n    at run (/home/runner/work/fleetwise-frontend/fleetwise-frontend/node_modules/jest-circus/build/jestAdapterInit.js:757:3)\n    at runAndTransformResultsToJestFormat (/home/runner/work/fleetwise-frontend/fleetwise-frontend/node_modules/jest-circus/build/jestAdapterInit.js:1920:21)\n    at jestAdapter (/home/runner/work/fleetwise-frontend/fleetwise-frontend/node_modules/jest-circus/build/runner.js:101:19)\n    at runTestInternal (/home/runner/work/fleetwise-frontend/fleetwise-frontend/node_modules/jest-runner/build/index.js:272:16)\n    at runTest (/home/runner/work/fleetwise-frontend/fleetwise-frontend/node_modules/jest-runner/build/index.js:340:7)"],"fullName":"Select Rendering renders with placeholder when provided","invocations":1,"location":null,"numPassingAsserts":0,"retryReasons":[],"startAt":1762447852115,"status":"failed","title":"renders with placeholder when provided"},{"ancestorTitles":["Select","Rendering"],"duration":10,"failing":false,"failureDetails":[],"failureMessages":[],"fullName":"Select Rendering renders with default value","invocations":1,"location":null,"numPassingAsserts":1,"retryReasons":[],"startAt":1762447852142,"status":"passed","title":"renders with default value"},{"ancestorTitles":["Select","Rendering"],"duration":7,"failing":false,"failureDetails":[],"failureMessages":[],"fullName":"Select Rendering renders with controlled value","invocations":1,"location":null,"numPassingAsserts":1,"retryReasons":[],"startAt":1762447852153,"status":"passed","title":"renders with controlled value"},{"ancestorTitles":["Select","Rendering"],"duration":5,"failing":false,"failureDetails":[{"name":"TestingLibraryElementError"}],"failureMessages":["TestingLibraryElementError: Unable to find a label with the text of: Choose Option\n\nIgnored nodes: comments, script, style\n\u001b[36m<body>\u001b[39m\n  \u001b[36m<div>\u001b[39m\n    \u001b[36m<select\u001b[39m\n      \u001b[33mclass\u001b[39m=\u001b[32m\"w-full rounded-lg px-3 py-2 text-sm transition-colors appearance-none bg-background-light border-border-color text-text-main focus:outline-none focus:ring-2 focus:ring-primary/30 focus:border-primary disabled:opacity-50 disabled:cursor-not-allowed\"\u001b[39m\n      \u001b[33mlabel\u001b[39m=\u001b[32m\"Choose Option\"\u001b[39m\n    \u001b[36m>\u001b[39m\n      \u001b[36m<option\u001b[39m\n        \u001b[33mclass\u001b[39m=\u001b[32m\"bg-background-light text-text-main\"\u001b[39m\n        \u001b[33mvalue\u001b[39m=\u001b[32m\"\"\u001b[39m\n      \u001b[36m>\u001b[39m\n        \u001b[0mSelect...\u001b[0m\n      \u001b[36m</option>\u001b[39m\n      \u001b[36m<option\u001b[39m\n        \u001b[33mclass\u001b[39m=\u001b[32m\"bg-background-light text-text-main\"\u001b[39m\n        \u001b[33mvalue\u001b[39m=\u001b[32m\"option1\"\u001b[39m\n      \u001b[36m>\u001b[39m\n        \u001b[0mOption 1\u001b[0m\n      \u001b[36m</option>\u001b[39m\n      \u001b[36m<option\u001b[39m\n        \u001b[33mclass\u001b[39m=\u001b[32m\"bg-background-light text-text-main\"\u001b[39m\n        \u001b[33mvalue\u001b[39m=\u001b[32m\"option2\"\u001b[39m\n      \u001b[36m>\u001b[39m\n        \u001b[0mOption 2\u001b[0m\n      \u001b[36m</option>\u001b[39m\n      \u001b[36m<option\u001b[39m\n        \u001b[33mclass\u001b[39m=\u001b[32m\"bg-background-light text-text-main\"\u001b[39m\n        \u001b[33mvalue\u001b[39m=\u001b[32m\"option3\"\u001b[39m\n      \u001b[36m>\u001b[39m\n        \u001b[0mOption 3\u001b[0m\n      \u001b[36m</option>\u001b[39m\n    \u001b[36m</select>\u001b[39m\n  \u001b[36m</div>\u001b[39m\n\u001b[36m</body>\u001b[39m\n    at Object.getElementError (/home/runner/work/fleetwise-frontend/fleetwise-frontend/node_modules/@testing-library/dom/dist/config.js:37:19)\n    at getAllByLabelText (/home/runner/work/fleetwise-frontend/fleetwise-frontend/node_modules/@testing-library/dom/dist/queries/label-text.js:111:38)\n    at /home/runner/work/fleetwise-frontend/fleetwise-frontend/node_modules/@testing-library/dom/dist/query-helpers.js:52:17\n    at /home/runner/work/fleetwise-frontend/fleetwise-frontend/node_modules/@testing-library/dom/dist/query-helpers.js:95:19\n    at Object.getByLabelText (/home/runner/work/fleetwise-frontend/fleetwise-frontend/tests/integration/Select.test.tsx:44:21)\n    at Promise.finally.completed (/home/runner/work/fleetwise-frontend/fleetwise-frontend/node_modules/jest-circus/build/jestAdapterInit.js:1559:28)\n    at new Promise (<anonymous>)\n    at callAsyncCircusFn (/home/runner/work/fleetwise-frontend/fleetwise-frontend/node_modules/jest-circus/build/jestAdapterInit.js:1499:10)\n    at _callCircusTest (/home/runner/work/fleetwise-frontend/fleetwise-frontend/node_modules/jest-circus/build/jestAdapterInit.js:1009:40)\n    at _runTest (/home/runner/work/fleetwise-frontend/fleetwise-frontend/node_modules/jest-circus/build/jestAdapterInit.js:949:3)\n    at _runTestsForDescribeBlock (/home/runner/work/fleetwise-frontend/fleetwise-frontend/node_modules/jest-circus/build/jestAdapterInit.js:839:13)\n    at _runTestsForDescribeBlock (/home/runner/work/fleetwise-frontend/fleetwise-frontend/node_modules/jest-circus/build/jestAdapterInit.js:829:11)\n    at _runTestsForDescribeBlock (/home/runner/work/fleetwise-frontend/fleetwise-frontend/node_modules/jest-circus/build/jestAdapterInit.js:829:11)\n    at run (/home/runner/work/fleetwise-frontend/fleetwise-frontend/node_modules/jest-circus/build/jestAdapterInit.js:757:3)\n    at runAndTransformResultsToJestFormat (/home/runner/work/fleetwise-frontend/fleetwise-frontend/node_modules/jest-circus/build/jestAdapterInit.js:1920:21)\n    at jestAdapter (/home/runner/work/fleetwise-frontend/fleetwise-frontend/node_modules/jest-circus/build/runner.js:101:19)\n    at runTestInternal (/home/runner/work/fleetwise-frontend/fleetwise-frontend/node_modules/jest-runner/build/index.js:272:16)\n    at runTest (/home/runner/work/fleetwise-frontend/fleetwise-frontend/node_modules/jest-runner/build/index.js:340:7)"],"fullName":"Select Rendering renders with label when provided","invocations":1,"location":null,"numPassingAsserts":0,"retryReasons":[],"startAt":1762447852160,"status":"failed","title":"renders with label when provided"},{"ancestorTitles":["Select","Selection Handling"],"duration":13,"failing":false,"failureDetails":[],"failureMessages":[],"fullName":"Select Selection Handling calls the onChange handler when selection changes","invocations":1,"location":null,"numPassingAsserts":2,"retryReasons":[],"startAt":1762447852166,"status":"passed","title":"calls the onChange handler when selection changes"},{"ancestorTitles":["Select","Selection Handling"],"duration":7,"failing":false,"failureDetails":[],"failureMessages":[],"fullName":"Select Selection Handling calls the onFocus handler when focused","invocations":1,"location":null,"numPassingAsserts":1,"retryReasons":[],"startAt":1762447852179,"status":"passed","title":"calls the onFocus handler when focused"},{"ancestorTitles":["Select","Selection Handling"],"duration":6,"failing":false,"failureDetails":[],"failureMessages":[],"fullName":"Select Selection Handling calls the onBlur handler when blurred","invocations":1,"location":null,"numPassingAsserts":1,"retryReasons":[],"startAt":1762447852186,"status":"passed","title":"calls the onBlur handler when blurred"},{"ancestorTitles":["Select","Selection Handling"],"duration":5,"failing":false,"failureDetails":[],"failureMessages":[],"fullName":"Select Selection Handling does not update value when disabled","invocations":1,"location":null,"numPassingAsserts":1,"retryReasons":[],"startAt":1762447852192,"status":"passed","title":"does not update value when disabled"},{"ancestorTitles":["Select","Select Attributes"],"duration":16,"failing":false,"failureDetails":[],"failureMessages":[],"fullName":"Select Select Attributes passes disabled attribute correctly","invocations":1,"location":null,"numPassingAsserts":1,"retryReasons":[],"startAt":1762447852198,"status":"passed","title":"passes disabled attribute correctly"},{"ancestorTitles":["Select","Select Attributes"],"duration":8,"failing":false,"failureDetails":[],"failureMessages":[],"fullName":"Select Select Attributes passes name attribute correctly","invocations":1,"location":null,"numPassingAsserts":1,"retryReasons":[],"startAt":1762447852214,"status":"passed","title":"passes name attribute correctly"},{"ancestorTitles":["Select","Select Attributes"],"duration":6,"failing":false,"failureDetails":[],"failureMessages":[],"fullName":"Select Select Attributes passes id attribute correctly","invocations":1,"location":null,"numPassingAsserts":1,"retryReasons":[],"startAt":1762447852223,"status":"passed","title":"passes id attribute correctly"},{"ancestorTitles":["Select","Select Attributes"],"duration":10,"failing":false,"failureDetails":[],"failureMessages":[],"fullName":"Select Select Attributes passes required attribute correctly","invocations":1,"location":null,"numPassingAsserts":1,"retryReasons":[],"startAt":1762447852230,"status":"passed","title":"passes required attribute correctly"},{"ancestorTitles":["Select","Select Attributes"],"duration":6,"failing":false,"failureDetails":[],"failureMessages":[],"fullName":"Select Select Attributes passes aria-label attribute correctly","invocations":1,"location":null,"numPassingAsserts":1,"retryReasons":[],"startAt":1762447852241,"status":"passed","title":"passes aria-label attribute correctly"},{"ancestorTitles":["Select","Select Attributes"],"duration":2,"failing":false,"failureDetails":[],"failureMessages":[],"fullName":"Select Select Attributes passes data-testid attribute correctly","invocations":1,"location":null,"numPassingAsserts":1,"retryReasons":[],"startAt":1762447852247,"status":"passed","title":"passes data-testid attribute correctly"},{"ancestorTitles":["Select","Select Attributes"],"duration":4,"failing":false,"failureDetails":[],"failureMessages":[],"fullName":"Select Select Attributes passes className attribute correctly","invocations":1,"location":null,"numPassingAsserts":1,"retryReasons":[],"startAt":1762447852250,"status":"passed","title":"passes className attribute correctly"},{"ancestorTitles":["Select","Select Attributes"],"duration":6,"failing":false,"failureDetails":[],"failureMessages":[],"fullName":"Select Select Attributes passes multiple attributes correctly","invocations":1,"location":null,"numPassingAsserts":6,"retryReasons":[],"startAt":1762447852254,"status":"passed","title":"passes multiple attributes correctly"},{"ancestorTitles":["Select","Label Integration"],"duration":4,"failing":false,"failureDetails":[{"name":"TestingLibraryElementError"}],"failureMessages":["TestingLibraryElementError: Unable to find an element with the text: Category. This could be because the text is broken up by multiple elements. In this case, you can provide a function for your text matcher to make your matcher more flexible.\n\nIgnored nodes: comments, script, style\n\u001b[36m<body>\u001b[39m\n  \u001b[36m<div>\u001b[39m\n    \u001b[36m<select\u001b[39m\n      \u001b[33mclass\u001b[39m=\u001b[32m\"w-full rounded-lg px-3 py-2 text-sm transition-colors appearance-none bg-background-light border-border-color text-text-main focus:outline-none focus:ring-2 focus:ring-primary/30 focus:border-primary disabled:opacity-50 disabled:cursor-not-allowed\"\u001b[39m\n      \u001b[33mid\u001b[39m=\u001b[32m\"category\"\u001b[39m\n      \u001b[33mlabel\u001b[39m=\u001b[32m\"Category\"\u001b[39m\n    \u001b[36m>\u001b[39m\n      \u001b[36m<option\u001b[39m\n        \u001b[33mclass\u001b[39m=\u001b[32m\"bg-background-light text-text-main\"\u001b[39m\n        \u001b[33mvalue\u001b[39m=\u001b[32m\"\"\u001b[39m\n      \u001b[36m>\u001b[39m\n        \u001b[0mSelect...\u001b[0m\n      \u001b[36m</option>\u001b[39m\n      \u001b[36m<option\u001b[39m\n        \u001b[33mclass\u001b[39m=\u001b[32m\"bg-background-light text-text-main\"\u001b[39m\n        \u001b[33mvalue\u001b[39m=\u001b[32m\"option1\"\u001b[39m\n      \u001b[36m>\u001b[39m\n        \u001b[0mOption 1\u001b[0m\n      \u001b[36m</option>\u001b[39m\n      \u001b[36m<option\u001b[39m\n        \u001b[33mclass\u001b[39m=\u001b[32m\"bg-background-light text-text-main\"\u001b[39m\n        \u001b[33mvalue\u001b[39m=\u001b[32m\"option2\"\u001b[39m\n      \u001b[36m>\u001b[39m\n        \u001b[0mOption 2\u001b[0m\n      \u001b[36m</option>\u001b[39m\n      \u001b[36m<option\u001b[39m\n        \u001b[33mclass\u001b[39m=\u001b[32m\"bg-background-light text-text-main\"\u001b[39m\n        \u001b[33mvalue\u001b[39m=\u001b[32m\"option3\"\u001b[39m\n      \u001b[36m>\u001b[39m\n        \u001b[0mOption 3\u001b[0m\n      \u001b[36m</option>\u001b[39m\n    \u001b[36m</select>\u001b[39m\n  \u001b[36m</div>\u001b[39m\n\u001b[36m</body>\u001b[39m\n    at Object.getElementError (/home/runner/work/fleetwise-frontend/fleetwise-frontend/node_modules/@testing-library/dom/dist/config.js:37:19)\n    at /home/runner/work/fleetwise-frontend/fleetwise-frontend/node_modules/@testing-library/dom/dist/query-helpers.js:76:38\n    at /home/runner/work/fleetwise-frontend/fleetwise-frontend/node_modules/@testing-library/dom/dist/query-helpers.js:52:17\n    at /home/runner/work/fleetwise-frontend/fleetwise-frontend/node_modules/@testing-library/dom/dist/query-helpers.js:95:19\n    at Object.getByText (/home/runner/work/fleetwise-frontend/fleetwise-frontend/tests/integration/Select.test.tsx:159:28)\n    at Promise.finally.completed (/home/runner/work/fleetwise-frontend/fleetwise-frontend/node_modules/jest-circus/build/jestAdapterInit.js:1559:28)\n    at new Promise (<anonymous>)\n    at callAsyncCircusFn (/home/runner/work/fleetwise-frontend/fleetwise-frontend/node_modules/jest-circus/build/jestAdapterInit.js:1499:10)\n    at _callCircusTest (/home/runner/work/fleetwise-frontend/fleetwise-frontend/node_modules/jest-circus/build/jestAdapterInit.js:1009:40)\n    at _runTest (/home/runner/work/fleetwise-frontend/fleetwise-frontend/node_modules/jest-circus/build/jestAdapterInit.js:949:3)\n    at _runTestsForDescribeBlock (/home/runner/work/fleetwise-frontend/fleetwise-frontend/node_modules/jest-circus/build/jestAdapterInit.js:839:13)\n    at _runTestsForDescribeBlock (/home/runner/work/fleetwise-frontend/fleetwise-frontend/node_modules/jest-circus/build/jestAdapterInit.js:829:11)\n    at _runTestsForDescribeBlock (/home/runner/work/fleetwise-frontend/fleetwise-frontend/node_modules/jest-circus/build/jestAdapterInit.js:829:11)\n    at run (/home/runner/work/fleetwise-frontend/fleetwise-frontend/node_modules/jest-circus/build/jestAdapterInit.js:757:3)\n    at runAndTransformResultsToJestFormat (/home/runner/work/fleetwise-frontend/fleetwise-frontend/node_modules/jest-circus/build/jestAdapterInit.js:1920:21)\n    at jestAdapter (/home/runner/work/fleetwise-frontend/fleetwise-frontend/node_modules/jest-circus/build/runner.js:101:19)\n    at runTestInternal (/home/runner/work/fleetwise-frontend/fleetwise-frontend/node_modules/jest-runner/build/index.js:272:16)\n    at runTest (/home/runner/work/fleetwise-frontend/fleetwise-frontend/node_modules/jest-runner/build/index.js:340:7)"],"fullName":"Select Label Integration associates label with select using htmlFor","invocations":1,"location":null,"numPassingAsserts":0,"retryReasons":[],"startAt":1762447852260,"status":"failed","title":"associates label with select using htmlFor"},{"ancestorTitles":["Select","Label Integration"],"duration":4,"failing":false,"failureDetails":[{"name":"TestingLibraryElementError"}],"failureMessages":["TestingLibraryElementError: Unable to find an element with the text: Category. This could be because the text is broken up by multiple elements. In this case, you can provide a function for your text matcher to make your matcher more flexible.\n\nIgnored nodes: comments, script, style\n\u001b[36m<body>\u001b[39m\n  \u001b[36m<div>\u001b[39m\n    \u001b[36m<select\u001b[39m\n      \u001b[33mclass\u001b[39m=\u001b[32m\"w-full rounded-lg px-3 py-2 text-sm transition-colors appearance-none bg-background-light border-border-color text-text-main focus:outline-none focus:ring-2 focus:ring-primary/30 focus:border-primary disabled:opacity-50 disabled:cursor-not-allowed\"\u001b[39m\n      \u001b[33mlabel\u001b[39m=\u001b[32m\"Category\"\u001b[39m\n    \u001b[36m>\u001b[39m\n      \u001b[36m<option\u001b[39m\n        \u001b[33mclass\u001b[39m=\u001b[32m\"bg-background-light text-text-main\"\u001b[39m\n        \u001b[33mvalue\u001b[39m=\u001b[32m\"\"\u001b[39m\n      \u001b[36m>\u001b[39m\n        \u001b[0mSelect...\u001b[0m\n      \u001b[36m</option>\u001b[39m\n      \u001b[36m<option\u001b[39m\n        \u001b[33mclass\u001b[39m=\u001b[32m\"bg-background-light text-text-main\"\u001b[39m\n        \u001b[33mvalue\u001b[39m=\u001b[32m\"option1\"\u001b[39m\n      \u001b[36m>\u001b[39m\n        \u001b[0mOption 1\u001b[0m\n      \u001b[36m</option>\u001b[39m\n      \u001b[36m<option\u001b[39m\n        \u001b[33mclass\u001b[39m=\u001b[32m\"bg-background-light text-text-main\"\u001b[39m\n        \u001b[33mvalue\u001b[39m=\u001b[32m\"option2\"\u001b[39m\n      \u001b[36m>\u001b[39m\n        \u001b[0mOption 2\u001b[0m\n      \u001b[36m</option>\u001b[39m\n      \u001b[36m<option\u001b[39m\n        \u001b[33mclass\u001b[39m=\u001b[32m\"bg-background-light text-text-main\"\u001b[39m\n        \u001b[33mvalue\u001b[39m=\u001b[32m\"option3\"\u001b[39m\n      \u001b[36m>\u001b[39m\n        \u001b[0mOption 3\u001b[0m\n      \u001b[36m</option>\u001b[39m\n    \u001b[36m</select>\u001b[39m\n  \u001b[36m</div>\u001b[39m\n\u001b[36m</body>\u001b[39m\n    at Object.getElementError (/home/runner/work/fleetwise-frontend/fleetwise-frontend/node_modules/@testing-library/dom/dist/config.js:37:19)\n    at /home/runner/work/fleetwise-frontend/fleetwise-frontend/node_modules/@testing-library/dom/dist/query-helpers.js:76:38\n    at /home/runner/work/fleetwise-frontend/fleetwise-frontend/node_modules/@testing-library/dom/dist/query-helpers.js:52:17\n    at /home/runner/work/fleetwise-frontend/fleetwise-frontend/node_modules/@testing-library/dom/dist/query-helpers.js:95:19\n    at Object.getByText (/home/runner/work/fleetwise-frontend/fleetwise-frontend/tests/integration/Select.test.tsx:169:28)\n    at Promise.finally.completed (/home/runner/work/fleetwise-frontend/fleetwise-frontend/node_modules/jest-circus/build/jestAdapterInit.js:1559:28)\n    at new Promise (<anonymous>)\n    at callAsyncCircusFn (/home/runner/work/fleetwise-frontend/fleetwise-frontend/node_modules/jest-circus/build/jestAdapterInit.js:1499:10)\n    at _callCircusTest (/home/runner/work/fleetwise-frontend/fleetwise-frontend/node_modules/jest-circus/build/jestAdapterInit.js:1009:40)\n    at _runTest (/home/runner/work/fleetwise-frontend/fleetwise-frontend/node_modules/jest-circus/build/jestAdapterInit.js:949:3)\n    at _runTestsForDescribeBlock (/home/runner/work/fleetwise-frontend/fleetwise-frontend/node_modules/jest-circus/build/jestAdapterInit.js:839:13)\n    at _runTestsForDescribeBlock (/home/runner/work/fleetwise-frontend/fleetwise-frontend/node_modules/jest-circus/build/jestAdapterInit.js:829:11)\n    at _runTestsForDescribeBlock (/home/runner/work/fleetwise-frontend/fleetwise-frontend/node_modules/jest-circus/build/jestAdapterInit.js:829:11)\n    at run (/home/runner/work/fleetwise-frontend/fleetwise-frontend/node_modules/jest-circus/build/jestAdapterInit.js:757:3)\n    at runAndTransformResultsToJestFormat (/home/runner/work/fleetwise-frontend/fleetwise-frontend/node_modules/jest-circus/build/jestAdapterInit.js:1920:21)\n    at jestAdapter (/home/runner/work/fleetwise-frontend/fleetwise-frontend/node_modules/jest-circus/build/runner.js:101:19)\n    at runTestInternal (/home/runner/work/fleetwise-frontend/fleetwise-frontend/node_modules/jest-runner/build/index.js:272:16)\n    at runTest (/home/runner/work/fleetwise-frontend/fleetwise-frontend/node_modules/jest-runner/build/index.js:340:7)"],"fullName":"Select Label Integration renders label with correct styling class","invocations":1,"location":null,"numPassingAsserts":0,"retryReasons":[],"startAt":1762447852264,"status":"failed","title":"renders label with correct styling class"},{"ancestorTitles":["Select","Label Integration"],"duration":3,"failing":false,"failureDetails":[],"failureMessages":[],"fullName":"Select Label Integration does not render label when not provided","invocations":1,"location":null,"numPassingAsserts":1,"retryReasons":[],"startAt":1762447852268,"status":"passed","title":"does not render label when not provided"},{"ancestorTitles":["Select","Options Handling"],"duration":6,"failing":false,"failureDetails":[{"matcherResult":{"actual":1,"expected":0,"message":"expect(received).toBe(expected) // Object.is equality\n\nExpected: 0\nReceived: 1","name":"toBe","pass":false}}],"failureMessages":["Error: expect(received).toBe(expected) // Object.is equality\n\nExpected: 0\nReceived: 1\n    at Object.toBe (/home/runner/work/fleetwise-frontend/fleetwise-frontend/tests/integration/Select.test.tsx:186:38)\n    at Promise.finally.completed (/home/runner/work/fleetwise-frontend/fleetwise-frontend/node_modules/jest-circus/build/jestAdapterInit.js:1559:28)\n    at new Promise (<anonymous>)\n    at callAsyncCircusFn (/home/runner/work/fleetwise-frontend/fleetwise-frontend/node_modules/jest-circus/build/jestAdapterInit.js:1499:10)\n    at _callCircusTest (/home/runner/work/fleetwise-frontend/fleetwise-frontend/node_modules/jest-circus/build/jestAdapterInit.js:1009:40)\n    at _runTest (/home/runner/work/fleetwise-frontend/fleetwise-frontend/node_modules/jest-circus/build/jestAdapterInit.js:949:3)\n    at _runTestsForDescribeBlock (/home/runner/work/fleetwise-frontend/fleetwise-frontend/node_modules/jest-circus/build/jestAdapterInit.js:839:13)\n    at _runTestsForDescribeBlock (/home/runner/work/fleetwise-frontend/fleetwise-frontend/node_modules/jest-circus/build/jestAdapterInit.js:829:11)\n    at _runTestsForDescribeBlock (/home/runner/work/fleetwise-frontend/fleetwise-frontend/node_modules/jest-circus/build/jestAdapterInit.js:829:11)\n    at run (/home/runner/work/fleetwise-frontend/fleetwise-frontend/node_modules/jest-circus/build/jestAdapterInit.js:757:3)\n    at runAndTransformResultsToJestFormat (/home/runner/work/fleetwise-frontend/fleetwise-frontend/node_modules/jest-circus/build/jestAdapterInit.js:1920:21)\n    at jestAdapter (/home/runner/work/fleetwise-frontend/fleetwise-frontend/node_modules/jest-circus/build/runner.js:101:19)\n    at runTestInternal (/home/runner/work/fleetwise-frontend/fleetwise-frontend/node_modules/jest-runner/build/index.js:272:16)\n    at runTest (/home/runner/work/fleetwise-frontend/fleetwise-frontend/node_modules/jest-runner/build/index.js:340:7)"],"fullName":"Select Options Handling renders empty select when no options provided","invocations":1,"location":null,"numPassingAsserts":1,"retryReasons":[],"startAt":1762447852271,"status":"failed","title":"renders empty select when no options provided"},{"ancestorTitles":["Select","Options Handling"],"duration":4,"failing":false,"failureDetails":[{"matcherResult":{"pass":false,"message":"expect(element).toHaveValue(option1)\n\nExpected the element to have value:\n  option1\nReceived:\n"}}],"failureMessages":["Error: expect(element).toHaveValue(option1)\n\nExpected the element to have value:\n  option1\nReceived:\n\n    at Object.toHaveValue (/home/runner/work/fleetwise-frontend/fleetwise-frontend/tests/integration/Select.test.tsx:195:26)\n    at Promise.finally.completed (/home/runner/work/fleetwise-frontend/fleetwise-frontend/node_modules/jest-circus/build/jestAdapterInit.js:1559:28)\n    at new Promise (<anonymous>)\n    at callAsyncCircusFn (/home/runner/work/fleetwise-frontend/fleetwise-frontend/node_modules/jest-circus/build/jestAdapterInit.js:1499:10)\n    at _callCircusTest (/home/runner/work/fleetwise-frontend/fleetwise-frontend/node_modules/jest-circus/build/jestAdapterInit.js:1009:40)\n    at _runTest (/home/runner/work/fleetwise-frontend/fleetwise-frontend/node_modules/jest-circus/build/jestAdapterInit.js:949:3)\n    at _runTestsForDescribeBlock (/home/runner/work/fleetwise-frontend/fleetwise-frontend/node_modules/jest-circus/build/jestAdapterInit.js:839:13)\n    at _runTestsForDescribeBlock (/home/runner/work/fleetwise-frontend/fleetwise-frontend/node_modules/jest-circus/build/jestAdapterInit.js:829:11)\n    at _runTestsForDescribeBlock (/home/runner/work/fleetwise-frontend/fleetwise-frontend/node_modules/jest-circus/build/jestAdapterInit.js:829:11)\n    at run (/home/runner/work/fleetwise-frontend/fleetwise-frontend/node_modules/jest-circus/build/jestAdapterInit.js:757:3)\n    at runAndTransformResultsToJestFormat (/home/runner/work/fleetwise-frontend/fleetwise-frontend/node_modules/jest-circus/build/jestAdapterInit.js:1920:21)\n    at jestAdapter (/home/runner/work/fleetwise-frontend/fleetwise-frontend/node_modules/jest-circus/build/runner.js:101:19)\n    at runTestInternal (/home/runner/work/fleetwise-frontend/fleetwise-frontend/node_modules/jest-runner/build/index.js:272:16)\n    at runTest (/home/runner/work/fleetwise-frontend/fleetwise-frontend/node_modules/jest-runner/build/index.js:340:7)"],"fullName":"Select Options Handling renders options with correct values and labels","invocations":1,"location":null,"numPassingAsserts":0,"retryReasons":[],"startAt":1762447852277,"status":"failed","title":"renders options with correct values and labels"},{"ancestorTitles":["Select","Options Handling"],"duration":2,"failing":false,"failureDetails":[],"failureMessages":[],"fullName":"Select Options Handling handles options with same value and label","invocations":1,"location":null,"numPassingAsserts":2,"retryReasons":[],"startAt":1762447852281,"status":"passed","title":"handles options with same value and label"},{"ancestorTitles":["Select","Accessibility"],"duration":4,"failing":false,"failureDetails":[],"failureMessages":[],"fullName":"Select Accessibility has correct role","invocations":1,"location":null,"numPassingAsserts":1,"retryReasons":[],"startAt":1762447852283,"status":"passed","title":"has correct role"},{"ancestorTitles":["Select","Accessibility"],"duration":9,"failing":false,"failureDetails":[],"failureMessages":[],"fullName":"Select Accessibility can be focused when not disabled","invocations":1,"location":null,"numPassingAsserts":1,"retryReasons":[],"startAt":1762447852287,"status":"passed","title":"can be focused when not disabled"},{"ancestorTitles":["Select","Accessibility"],"duration":7,"failing":false,"failureDetails":[],"failureMessages":[],"fullName":"Select Accessibility cannot be focused when disabled","invocations":1,"location":null,"numPassingAsserts":1,"retryReasons":[],"startAt":1762447852296,"status":"passed","title":"cannot be focused when disabled"},{"ancestorTitles":["Select","Accessibility"],"duration":4,"failing":false,"failureDetails":[],"failureMessages":[],"fullName":"Select Accessibility supports keyboard navigation","invocations":1,"location":null,"numPassingAsserts":1,"retryReasons":[],"startAt":1762447852303,"status":"passed","title":"supports keyboard navigation"},{"ancestorTitles":["Select","Edge Cases"],"duration":6,"failing":false,"failureDetails":[],"failureMessages":[],"fullName":"Select Edge Cases handles undefined onChange gracefully","invocations":1,"location":null,"numPassingAsserts":1,"retryReasons":[],"startAt":1762447852308,"status":"passed","title":"handles undefined onChange gracefully"},{"ancestorTitles":["Select","Edge Cases"],"duration":5,"failing":false,"failureDetails":[],"failureMessages":[],"fullName":"Select Edge Cases handles undefined onFocus gracefully","invocations":1,"location":null,"numPassingAsserts":1,"retryReasons":[],"startAt":1762447852318,"status":"passed","title":"handles undefined onFocus gracefully"},{"ancestorTitles":["Select","Edge Cases"],"duration":6,"failing":false,"failureDetails":[],"failureMessages":[],"fullName":"Select Edge Cases handles undefined onBlur gracefully","invocations":1,"location":null,"numPassingAsserts":1,"retryReasons":[],"startAt":1762447852323,"status":"passed","title":"handles undefined onBlur gracefully"},{"ancestorTitles":["Select","Edge Cases"],"duration":4,"failing":false,"failureDetails":[{"matcherResult":{"pass":false,"message":"expect(element).toHaveValue(option1)\n\nExpected the element to have value:\n  option1\nReceived:\n"}}],"failureMessages":["Error: expect(element).toHaveValue(option1)\n\nExpected the element to have value:\n  option1\nReceived:\n\n    at Object.toHaveValue (/home/runner/work/fleetwise-frontend/fleetwise-frontend/tests/integration/Select.test.tsx:278:22)\n    at Promise.finally.completed (/home/runner/work/fleetwise-frontend/fleetwise-frontend/node_modules/jest-circus/build/jestAdapterInit.js:1559:28)\n    at new Promise (<anonymous>)\n    at callAsyncCircusFn (/home/runner/work/fleetwise-frontend/fleetwise-frontend/node_modules/jest-circus/build/jestAdapterInit.js:1499:10)\n    at _callCircusTest (/home/runner/work/fleetwise-frontend/fleetwise-frontend/node_modules/jest-circus/build/jestAdapterInit.js:1009:40)\n    at _runTest (/home/runner/work/fleetwise-frontend/fleetwise-frontend/node_modules/jest-circus/build/jestAdapterInit.js:949:3)\n    at _runTestsForDescribeBlock (/home/runner/work/fleetwise-frontend/fleetwise-frontend/node_modules/jest-circus/build/jestAdapterInit.js:839:13)\n    at _runTestsForDescribeBlock (/home/runner/work/fleetwise-frontend/fleetwise-frontend/node_modules/jest-circus/build/jestAdapterInit.js:829:11)\n    at _runTestsForDescribeBlock (/home/runner/work/fleetwise-frontend/fleetwise-frontend/node_modules/jest-circus/build/jestAdapterInit.js:829:11)\n    at run (/home/runner/work/fleetwise-frontend/fleetwise-frontend/node_modules/jest-circus/build/jestAdapterInit.js:757:3)\n    at runAndTransformResultsToJestFormat (/home/runner/work/fleetwise-frontend/fleetwise-frontend/node_modules/jest-circus/build/jestAdapterInit.js:1920:21)\n    at jestAdapter (/home/runner/work/fleetwise-frontend/fleetwise-frontend/node_modules/jest-circus/build/runner.js:101:19)\n    at runTestInternal (/home/runner/work/fleetwise-frontend/fleetwise-frontend/node_modules/jest-runner/build/index.js:272:16)\n    at runTest (/home/runner/work/fleetwise-frontend/fleetwise-frontend/node_modules/jest-runner/build/index.js:340:7)"],"fullName":"Select Edge Cases handles empty string value","invocations":1,"location":null,"numPassingAsserts":0,"retryReasons":[],"startAt":1762447852329,"status":"failed","title":"handles empty string value"},{"ancestorTitles":["Select","Edge Cases"],"duration":4,"failing":false,"failureDetails":[{"matcherResult":{"pass":false,"message":"expect(element).toHaveValue(option1)\n\nExpected the element to have value:\n  option1\nReceived:\n"}}],"failureMessages":["Error: expect(element).toHaveValue(option1)\n\nExpected the element to have value:\n  option1\nReceived:\n\n    at Object.toHaveValue (/home/runner/work/fleetwise-frontend/fleetwise-frontend/tests/integration/Select.test.tsx:286:22)\n    at Promise.finally.completed (/home/runner/work/fleetwise-frontend/fleetwise-frontend/node_modules/jest-circus/build/jestAdapterInit.js:1559:28)\n    at new Promise (<anonymous>)\n    at callAsyncCircusFn (/home/runner/work/fleetwise-frontend/fleetwise-frontend/node_modules/jest-circus/build/jestAdapterInit.js:1499:10)\n    at _callCircusTest (/home/runner/work/fleetwise-frontend/fleetwise-frontend/node_modules/jest-circus/build/jestAdapterInit.js:1009:40)\n    at _runTest (/home/runner/work/fleetwise-frontend/fleetwise-frontend/node_modules/jest-circus/build/jestAdapterInit.js:949:3)\n    at _runTestsForDescribeBlock (/home/runner/work/fleetwise-frontend/fleetwise-frontend/node_modules/jest-circus/build/jestAdapterInit.js:839:13)\n    at _runTestsForDescribeBlock (/home/runner/work/fleetwise-frontend/fleetwise-frontend/node_modules/jest-circus/build/jestAdapterInit.js:829:11)\n    at _runTestsForDescribeBlock (/home/runner/work/fleetwise-frontend/fleetwise-frontend/node_modules/jest-circus/build/jestAdapterInit.js:829:11)\n    at run (/home/runner/work/fleetwise-frontend/fleetwise-frontend/node_modules/jest-circus/build/jestAdapterInit.js:757:3)\n    at runAndTransformResultsToJestFormat (/home/runner/work/fleetwise-frontend/fleetwise-frontend/node_modules/jest-circus/build/jestAdapterInit.js:1920:21)\n    at jestAdapter (/home/runner/work/fleetwise-frontend/fleetwise-frontend/node_modules/jest-circus/build/runner.js:101:19)\n    at runTestInternal (/home/runner/work/fleetwise-frontend/fleetwise-frontend/node_modules/jest-runner/build/index.js:272:16)\n    at runTest (/home/runner/work/fleetwise-frontend/fleetwise-frontend/node_modules/jest-runner/build/index.js:340:7)"],"fullName":"Select Edge Cases handles null value","invocations":1,"location":null,"numPassingAsserts":0,"retryReasons":[],"startAt":1762447852333,"status":"failed","title":"handles null value"},{"ancestorTitles":["Select","Edge Cases"],"duration":6,"failing":false,"failureDetails":[],"failureMessages":[],"fullName":"Select Edge Cases handles options with null or undefined values","invocations":1,"location":null,"numPassingAsserts":3,"retryReasons":[],"startAt":1762447852337,"status":"passed","title":"handles options with null or undefined values"}],"endTime":1762447852397,"message":"  ● Select › Rendering › renders with placeholder when provided\n\n    TestingLibraryElementError: Unable to find an element with the text: Select an option. This could be because the text is broken up by multiple elements. In this case, you can provide a function for your text matcher to make your matcher more flexible.\n\n    Ignored nodes: comments, script, style\n    \u001b[36m<body>\u001b[39m\n      \u001b[36m<div>\u001b[39m\n        \u001b[36m<select\u001b[39m\n          \u001b[33mclass\u001b[39m=\u001b[32m\"w-full rounded-lg px-3 py-2 text-sm transition-colors appearance-none bg-background-light border-border-color text-text-main focus:outline-none focus:ring-2 focus:ring-primary/30 focus:border-primary disabled:opacity-50 disabled:cursor-not-allowed\"\u001b[39m\n          \u001b[33mplaceholder\u001b[39m=\u001b[32m\"Select an option\"\u001b[39m\n        \u001b[36m>\u001b[39m\n          \u001b[36m<option\u001b[39m\n            \u001b[33mclass\u001b[39m=\u001b[32m\"bg-background-light text-text-main\"\u001b[39m\n            \u001b[33mvalue\u001b[39m=\u001b[32m\"\"\u001b[39m\n          \u001b[36m>\u001b[39m\n            \u001b[0mSelect...\u001b[0m\n          \u001b[36m</option>\u001b[39m\n          \u001b[36m<option\u001b[39m\n            \u001b[33mclass\u001b[39m=\u001b[32m\"bg-background-light text-text-main\"\u001b[39m\n            \u001b[33mvalue\u001b[39m=\u001b[32m\"option1\"\u001b[39m\n          \u001b[36m>\u001b[39m\n            \u001b[0mOption 1\u001b[0m\n          \u001b[36m</option>\u001b[39m\n          \u001b[36m<option\u001b[39m\n            \u001b[33mclass\u001b[39m=\u001b[32m\"bg-background-light text-text-main\"\u001b[39m\n            \u001b[33mvalue\u001b[39m=\u001b[32m\"option2\"\u001b[39m\n          \u001b[36m>\u001b[39m\n            \u001b[0mOption 2\u001b[0m\n          \u001b[36m</option>\u001b[39m\n          \u001b[36m<option\u001b[39m\n            \u001b[33mclass\u001b[39m=\u001b[32m\"bg-background-light text-text-main\"\u001b[39m\n            \u001b[33mvalue\u001b[39m=\u001b[32m\"option3\"\u001b[39m\n          \u001b[36m>\u001b[39m\n            \u001b[0mOption 3\u001b[0m\n          \u001b[36m</option>\u001b[39m\n        \u001b[36m</select>\u001b[39m\n      \u001b[36m</div>\u001b[39m\n    \u001b[36m</body>\u001b[39m\n\n    \u001b[0m \u001b[90m 22 |\u001b[39m       render(\u001b[33m<\u001b[39m\u001b[33mSelect\u001b[39m options\u001b[33m=\u001b[39m{mockOptions} placeholder\u001b[33m=\u001b[39m\u001b[32m\"Select an option\"\u001b[39m \u001b[33m/\u001b[39m\u001b[33m>\u001b[39m)\u001b[33m;\u001b[39m\n     \u001b[90m 23 |\u001b[39m       \n    \u001b[31m\u001b[1m>\u001b[22m\u001b[39m\u001b[90m 24 |\u001b[39m       expect(screen\u001b[33m.\u001b[39mgetByText(\u001b[32m'Select an option'\u001b[39m))\u001b[33m.\u001b[39mtoBeInTheDocument()\u001b[33m;\u001b[39m\n     \u001b[90m    |\u001b[39m                     \u001b[31m\u001b[1m^\u001b[22m\u001b[39m\n     \u001b[90m 25 |\u001b[39m     })\u001b[33m;\u001b[39m\n     \u001b[90m 26 |\u001b[39m\n     \u001b[90m 27 |\u001b[39m     it(\u001b[32m'renders with default value'\u001b[39m\u001b[33m,\u001b[39m () \u001b[33m=>\u001b[39m {\u001b[0m\n\n      at Object.getElementError (node_modules/@testing-library/dom/dist/config.js:37:19)\n      at node_modules/@testing-library/dom/dist/query-helpers.js:76:38\n      at node_modules/@testing-library/dom/dist/query-helpers.js:52:17\n      at node_modules/@testing-library/dom/dist/query-helpers.js:95:19\n      at Object.getByText (tests/integration/Select.test.tsx:24:21)\n\n  ● Select › Rendering › renders with label when provided\n\n    TestingLibraryElementError: Unable to find a label with the text of: Choose Option\n\n    Ignored nodes: comments, script, style\n    \u001b[36m<body>\u001b[39m\n      \u001b[36m<div>\u001b[39m\n        \u001b[36m<select\u001b[39m\n          \u001b[33mclass\u001b[39m=\u001b[32m\"w-full rounded-lg px-3 py-2 text-sm transition-colors appearance-none bg-background-light border-border-color text-text-main focus:outline-none focus:ring-2 focus:ring-primary/30 focus:border-primary disabled:opacity-50 disabled:cursor-not-allowed\"\u001b[39m\n          \u001b[33mlabel\u001b[39m=\u001b[32m\"Choose Option\"\u001b[39m\n        \u001b[36m>\u001b[39m\n          \u001b[36m<option\u001b[39m\n            \u001b[33mclass\u001b[39m=\u001b[32m\"bg-background-light text-text-main\"\u001b[39m\n            \u001b[33mvalue\u001b[39m=\u001b[32m\"\"\u001b[39m\n          \u001b[36m>\u001b[39m\n            \u001b[0mSelect...\u001b[0m\n          \u001b[36m</option>\u001b[39m\n          \u001b[36m<option\u001b[39m\n            \u001b[33mclass\u001b[39m=\u001b[32m\"bg-background-light text-text-main\"\u001b[39m\n            \u001b[33mvalue\u001b[39m=\u001b[32m\"option1\"\u001b[39m\n          \u001b[36m>\u001b[39m\n            \u001b[0mOption 1\u001b[0m\n          \u001b[36m</option>\u001b[39m\n          \u001b[36m<option\u001b[39m\n            \u001b[33mclass\u001b[39m=\u001b[32m\"bg-background-light text-text-main\"\u001b[39m\n            \u001b[33mvalue\u001b[39m=\u001b[32m\"option2\"\u001b[39m\n          \u001b[36m>\u001b[39m\n            \u001b[0mOption 2\u001b[0m\n          \u001b[36m</option>\u001b[39m\n          \u001b[36m<option\u001b[39m\n            \u001b[33mclass\u001b[39m=\u001b[32m\"bg-background-light text-text-main\"\u001b[39m\n            \u001b[33mvalue\u001b[39m=\u001b[32m\"option3\"\u001b[39m\n          \u001b[36m>\u001b[39m\n            \u001b[0mOption 3\u001b[0m\n          \u001b[36m</option>\u001b[39m\n        \u001b[36m</select>\u001b[39m\n      \u001b[36m</div>\u001b[39m\n    \u001b[36m</body>\u001b[39m\n\n    \u001b[0m \u001b[90m 42 |\u001b[39m       render(\u001b[33m<\u001b[39m\u001b[33mSelect\u001b[39m options\u001b[33m=\u001b[39m{mockOptions} label\u001b[33m=\u001b[39m\u001b[32m\"Choose Option\"\u001b[39m \u001b[33m/\u001b[39m\u001b[33m>\u001b[39m)\u001b[33m;\u001b[39m\n     \u001b[90m 43 |\u001b[39m       \n    \u001b[31m\u001b[1m>\u001b[22m\u001b[39m\u001b[90m 44 |\u001b[39m       expect(screen\u001b[33m.\u001b[39mgetByLabelText(\u001b[32m'Choose Option'\u001b[39m))\u001b[33m.\u001b[39mtoBeInTheDocument()\u001b[33m;\u001b[39m\n     \u001b[90m    |\u001b[39m                     \u001b[31m\u001b[1m^\u001b[22m\u001b[39m\n     \u001b[90m 45 |\u001b[39m     })\u001b[33m;\u001b[39m\n     \u001b[90m 46 |\u001b[39m   })\u001b[33m;\u001b[39m\n     \u001b[90m 47 |\u001b[39m\u001b[0m\n\n      at Object.getElementError (node_modules/@testing-library/dom/dist/config.js:37:19)\n      at getAllByLabelText (node_modules/@testing-library/dom/dist/queries/label-text.js:111:38)\n      at node_modules/@testing-library/dom/dist/query-helpers.js:52:17\n      at node_modules/@testing-library/dom/dist/query-helpers.js:95:19\n      at Object.getByLabelText (tests/integration/Select.test.tsx:44:21)\n\n  ● Select › Label Integration › associates label with select using htmlFor\n\n    TestingLibraryElementError: Unable to find an element with the text: Category. This could be because the text is broken up by multiple elements. In this case, you can provide a function for your text matcher to make your matcher more flexible.\n\n    Ignored nodes: comments, script, style\n    \u001b[36m<body>\u001b[39m\n      \u001b[36m<div>\u001b[39m\n        \u001b[36m<select\u001b[39m\n          \u001b[33mclass\u001b[39m=\u001b[32m\"w-full rounded-lg px-3 py-2 text-sm transition-colors appearance-none bg-background-light border-border-color text-text-main focus:outline-none focus:ring-2 focus:ring-primary/30 focus:border-primary disabled:opacity-50 disabled:cursor-not-allowed\"\u001b[39m\n          \u001b[33mid\u001b[39m=\u001b[32m\"category\"\u001b[39m\n          \u001b[33mlabel\u001b[39m=\u001b[32m\"Category\"\u001b[39m\n        \u001b[36m>\u001b[39m\n          \u001b[36m<option\u001b[39m\n            \u001b[33mclass\u001b[39m=\u001b[32m\"bg-background-light text-text-main\"\u001b[39m\n            \u001b[33mvalue\u001b[39m=\u001b[32m\"\"\u001b[39m\n          \u001b[36m>\u001b[39m\n            \u001b[0mSelect...\u001b[0m\n          \u001b[36m</option>\u001b[39m\n          \u001b[36m<option\u001b[39m\n            \u001b[33mclass\u001b[39m=\u001b[32m\"bg-background-light text-text-main\"\u001b[39m\n            \u001b[33mvalue\u001b[39m=\u001b[32m\"option1\"\u001b[39m\n          \u001b[36m>\u001b[39m\n            \u001b[0mOption 1\u001b[0m\n          \u001b[36m</option>\u001b[39m\n          \u001b[36m<option\u001b[39m\n            \u001b[33mclass\u001b[39m=\u001b[32m\"bg-background-light text-text-main\"\u001b[39m\n            \u001b[33mvalue\u001b[39m=\u001b[32m\"option2\"\u001b[39m\n          \u001b[36m>\u001b[39m\n            \u001b[0mOption 2\u001b[0m\n          \u001b[36m</option>\u001b[39m\n          \u001b[36m<option\u001b[39m\n            \u001b[33mclass\u001b[39m=\u001b[32m\"bg-background-light text-text-main\"\u001b[39m\n            \u001b[33mvalue\u001b[39m=\u001b[32m\"option3\"\u001b[39m\n          \u001b[36m>\u001b[39m\n            \u001b[0mOption 3\u001b[0m\n          \u001b[36m</option>\u001b[39m\n        \u001b[36m</select>\u001b[39m\n      \u001b[36m</div>\u001b[39m\n    \u001b[36m</body>\u001b[39m\n\n    \u001b[0m \u001b[90m 157 |\u001b[39m       render(\u001b[33m<\u001b[39m\u001b[33mSelect\u001b[39m options\u001b[33m=\u001b[39m{mockOptions} label\u001b[33m=\u001b[39m\u001b[32m\"Category\"\u001b[39m id\u001b[33m=\u001b[39m\u001b[32m\"category\"\u001b[39m \u001b[33m/\u001b[39m\u001b[33m>\u001b[39m)\u001b[33m;\u001b[39m\n     \u001b[90m 158 |\u001b[39m       \n    \u001b[31m\u001b[1m>\u001b[22m\u001b[39m\u001b[90m 159 |\u001b[39m       \u001b[36mconst\u001b[39m label \u001b[33m=\u001b[39m screen\u001b[33m.\u001b[39mgetByText(\u001b[32m'Category'\u001b[39m)\u001b[33m;\u001b[39m\n     \u001b[90m     |\u001b[39m                            \u001b[31m\u001b[1m^\u001b[22m\u001b[39m\n     \u001b[90m 160 |\u001b[39m       \u001b[36mconst\u001b[39m select \u001b[33m=\u001b[39m screen\u001b[33m.\u001b[39mgetByRole(\u001b[32m'combobox'\u001b[39m)\u001b[33m;\u001b[39m\n     \u001b[90m 161 |\u001b[39m       \n     \u001b[90m 162 |\u001b[39m       expect(label)\u001b[33m.\u001b[39mtoHaveAttribute(\u001b[32m'for'\u001b[39m\u001b[33m,\u001b[39m \u001b[32m'category'\u001b[39m)\u001b[33m;\u001b[39m\u001b[0m\n\n      at Object.getElementError (node_modules/@testing-library/dom/dist/config.js:37:19)\n      at node_modules/@testing-library/dom/dist/query-helpers.js:76:38\n      at node_modules/@testing-library/dom/dist/query-helpers.js:52:17\n      at node_modules/@testing-library/dom/dist/query-helpers.js:95:19\n      at Object.getByText (tests/integration/Select.test.tsx:159:28)\n\n  ● Select › Label Integration › renders label with correct styling class\n\n    TestingLibraryElementError: Unable to find an element with the text: Category. This could be because the text is broken up by multiple elements. In this case, you can provide a function for your text matcher to make your matcher more flexible.\n\n    Ignored nodes: comments, script, style\n    \u001b[36m<body>\u001b[39m\n      \u001b[36m<div>\u001b[39m\n        \u001b[36m<select\u001b[39m\n          \u001b[33mclass\u001b[39m=\u001b[32m\"w-full rounded-lg px-3 py-2 text-sm transition-colors appearance-none bg-background-light border-border-color text-text-main focus:outline-none focus:ring-2 focus:ring-primary/30 focus:border-primary disabled:opacity-50 disabled:cursor-not-allowed\"\u001b[39m\n          \u001b[33mlabel\u001b[39m=\u001b[32m\"Category\"\u001b[39m\n        \u001b[36m>\u001b[39m\n          \u001b[36m<option\u001b[39m\n            \u001b[33mclass\u001b[39m=\u001b[32m\"bg-background-light text-text-main\"\u001b[39m\n            \u001b[33mvalue\u001b[39m=\u001b[32m\"\"\u001b[39m\n          \u001b[36m>\u001b[39m\n            \u001b[0mSelect...\u001b[0m\n          \u001b[36m</option>\u001b[39m\n          \u001b[36m<option\u001b[39m\n            \u001b[33mclass\u001b[39m=\u001b[32m\"bg-background-light text-text-main\"\u001b[39m\n            \u001b[33mvalue\u001b[39m=\u001b[32m\"option1\"\u001b[39m\n          \u001b[36m>\u001b[39m\n            \u001b[0mOption 1\u001b[0m\n          \u001b[36m</option>\u001b[39m\n          \u001b[36m<option\u001b[39m\n            \u001b[33mclass\u001b[39m=\u001b[32m\"bg-background-light text-text-main\"\u001b[39m\n            \u001b[33mvalue\u001b[39m=\u001b[32m\"option2\"\u001b[39m\n          \u001b[36m>\u001b[39m\n            \u001b[0mOption 2\u001b[0m\n          \u001b[36m</option>\u001b[39m\n          \u001b[36m<option\u001b[39m\n            \u001b[33mclass\u001b[39m=\u001b[32m\"bg-background-light text-text-main\"\u001b[39m\n            \u001b[33mvalue\u001b[39m=\u001b[32m\"option3\"\u001b[39m\n          \u001b[36m>\u001b[39m\n            \u001b[0mOption 3\u001b[0m\n          \u001b[36m</option>\u001b[39m\n        \u001b[36m</select>\u001b[39m\n      \u001b[36m</div>\u001b[39m\n    \u001b[36m</body>\u001b[39m\n\n    \u001b[0m \u001b[90m 167 |\u001b[39m       render(\u001b[33m<\u001b[39m\u001b[33mSelect\u001b[39m options\u001b[33m=\u001b[39m{mockOptions} label\u001b[33m=\u001b[39m\u001b[32m\"Category\"\u001b[39m \u001b[33m/\u001b[39m\u001b[33m>\u001b[39m)\u001b[33m;\u001b[39m\n     \u001b[90m 168 |\u001b[39m       \n    \u001b[31m\u001b[1m>\u001b[22m\u001b[39m\u001b[90m 169 |\u001b[39m       \u001b[36mconst\u001b[39m label \u001b[33m=\u001b[39m screen\u001b[33m.\u001b[39mgetByText(\u001b[32m'Category'\u001b[39m)\u001b[33m;\u001b[39m\n     \u001b[90m     |\u001b[39m                            \u001b[31m\u001b[1m^\u001b[22m\u001b[39m\n     \u001b[90m 170 |\u001b[39m       expect(label)\u001b[33m.\u001b[39mtoHaveClass(\u001b[32m'form-label'\u001b[39m)\u001b[33m;\u001b[39m\n     \u001b[90m 171 |\u001b[39m     })\u001b[33m;\u001b[39m\n     \u001b[90m 172 |\u001b[39m\u001b[0m\n\n      at Object.getElementError (node_modules/@testing-library/dom/dist/config.js:37:19)\n      at node_modules/@testing-library/dom/dist/query-helpers.js:76:38\n      at node_modules/@testing-library/dom/dist/query-helpers.js:52:17\n      at node_modules/@testing-library/dom/dist/query-helpers.js:95:19\n      at Object.getByText (tests/integration/Select.test.tsx:169:28)\n\n  ● Select › Options Handling › renders empty select when no options provided\n\n    expect(received).toBe(expected) // Object.is equality\n\n    Expected: 0\n    Received: 1\n\n    \u001b[0m \u001b[90m 184 |\u001b[39m       \u001b[36mconst\u001b[39m select \u001b[33m=\u001b[39m screen\u001b[33m.\u001b[39mgetByRole(\u001b[32m'combobox'\u001b[39m)\u001b[33m;\u001b[39m\n     \u001b[90m 185 |\u001b[39m       expect(select)\u001b[33m.\u001b[39mtoBeInTheDocument()\u001b[33m;\u001b[39m\n    \u001b[31m\u001b[1m>\u001b[22m\u001b[39m\u001b[90m 186 |\u001b[39m       expect(select\u001b[33m.\u001b[39mchildren\u001b[33m.\u001b[39mlength)\u001b[33m.\u001b[39mtoBe(\u001b[35m0\u001b[39m)\u001b[33m;\u001b[39m\n     \u001b[90m     |\u001b[39m                                      \u001b[31m\u001b[1m^\u001b[22m\u001b[39m\n     \u001b[90m 187 |\u001b[39m     })\u001b[33m;\u001b[39m\n     \u001b[90m 188 |\u001b[39m\n     \u001b[90m 189 |\u001b[39m     it(\u001b[32m'renders options with correct values and labels'\u001b[39m\u001b[33m,\u001b[39m () \u001b[33m=>\u001b[39m {\u001b[0m\n\n      at Object.toBe (tests/integration/Select.test.tsx:186:38)\n\n  ● Select › Options Handling › renders options with correct values and labels\n\n    expect(element).toHaveValue(option1)\n\n    Expected the element to have value:\n      option1\n    Received:\n\n    \u001b[0m \u001b[90m 193 |\u001b[39m       \u001b[36mconst\u001b[39m options \u001b[33m=\u001b[39m select\u001b[33m.\u001b[39mquerySelectorAll(\u001b[32m'option'\u001b[39m)\u001b[33m;\u001b[39m\n     \u001b[90m 194 |\u001b[39m       \n    \u001b[31m\u001b[1m>\u001b[22m\u001b[39m\u001b[90m 195 |\u001b[39m       expect(options[\u001b[35m0\u001b[39m])\u001b[33m.\u001b[39mtoHaveValue(\u001b[32m'option1'\u001b[39m)\u001b[33m;\u001b[39m\n     \u001b[90m     |\u001b[39m                          \u001b[31m\u001b[1m^\u001b[22m\u001b[39m\n     \u001b[90m 196 |\u001b[39m       expect(options[\u001b[35m0\u001b[39m])\u001b[33m.\u001b[39mtoHaveTextContent(\u001b[32m'Option 1'\u001b[39m)\u001b[33m;\u001b[39m\n     \u001b[90m 197 |\u001b[39m       expect(options[\u001b[35m1\u001b[39m])\u001b[33m.\u001b[39mtoHaveValue(\u001b[32m'option2'\u001b[39m)\u001b[33m;\u001b[39m\n     \u001b[90m 198 |\u001b[39m       expect(options[\u001b[35m1\u001b[39m])\u001b[33m.\u001b[39mtoHaveTextContent(\u001b[32m'Option 2'\u001b[39m)\u001b[33m;\u001b[39m\u001b[0m\n\n      at Object.toHaveValue (tests/integration/Select.test.tsx:195:26)\n\n  ● Select › Edge Cases › handles empty string value\n\n    expect(element).toHaveValue(option1)\n\n    Expected the element to have value:\n      option1\n    Received:\n\n    \u001b[0m \u001b[90m 276 |\u001b[39m       \u001b[36mconst\u001b[39m select \u001b[33m=\u001b[39m screen\u001b[33m.\u001b[39mgetByRole(\u001b[32m'combobox'\u001b[39m)\u001b[33m;\u001b[39m\n     \u001b[90m 277 |\u001b[39m       \u001b[90m// When value is empty string, it should default to first option\u001b[39m\n    \u001b[31m\u001b[1m>\u001b[22m\u001b[39m\u001b[90m 278 |\u001b[39m       expect(select)\u001b[33m.\u001b[39mtoHaveValue(\u001b[32m'option1'\u001b[39m)\u001b[33m;\u001b[39m\n     \u001b[90m     |\u001b[39m                      \u001b[31m\u001b[1m^\u001b[22m\u001b[39m\n     \u001b[90m 279 |\u001b[39m     })\u001b[33m;\u001b[39m\n     \u001b[90m 280 |\u001b[39m\n     \u001b[90m 281 |\u001b[39m     it(\u001b[32m'handles null value'\u001b[39m\u001b[33m,\u001b[39m () \u001b[33m=>\u001b[39m {\u001b[0m\n\n      at Object.toHaveValue (tests/integration/Select.test.tsx:278:22)\n\n  ● Select › Edge Cases › handles null value\n\n    expect(element).toHaveValue(option1)\n\n    Expected the element to have value:\n      option1\n    Received:\n\n    \u001b[0m \u001b[90m 284 |\u001b[39m       \u001b[36mconst\u001b[39m select \u001b[33m=\u001b[39m screen\u001b[33m.\u001b[39mgetByRole(\u001b[32m'combobox'\u001b[39m)\u001b[33m;\u001b[39m\n     \u001b[90m 285 |\u001b[39m       \u001b[90m// When value is null, it should default to first option\u001b[39m\n    \u001b[31m\u001b[1m>\u001b[22m\u001b[39m\u001b[90m 286 |\u001b[39m       expect(select)\u001b[33m.\u001b[39mtoHaveValue(\u001b[32m'option1'\u001b[39m)\u001b[33m;\u001b[39m\n     \u001b[90m     |\u001b[39m                      \u001b[31m\u001b[1m^\u001b[22m\u001b[39m\n     \u001b[90m 287 |\u001b[39m     })\u001b[33m;\u001b[39m\n     \u001b[90m 288 |\u001b[39m\n     \u001b[90m 289 |\u001b[39m     it(\u001b[32m'handles options with null or undefined values'\u001b[39m\u001b[33m,\u001b[39m () \u001b[33m=>\u001b[39m {\u001b[0m\n\n      at Object.toHaveValue (tests/integration/Select.test.tsx:286:22)\n","name":"/home/runner/work/fleetwise-frontend/fleetwise-frontend/tests/integration/Select.test.tsx","startTime":1762447851539,"status":"failed","summary":""},{"assertionResults":[{"ancestorTitles":["Label","Rendering"],"duration":14,"failing":false,"failureDetails":[],"failureMessages":[],"fullName":"Label Rendering renders the label with correct children","invocations":1,"location":null,"numPassingAsserts":1,"retryReasons":[],"startAt":1762447852766,"status":"passed","title":"renders the label with correct children"},{"ancestorTitles":["Label","Rendering"],"duration":2,"failing":false,"failureDetails":[],"failureMessages":[],"fullName":"Label Rendering renders with empty children","invocations":1,"location":null,"numPassingAsserts":1,"retryReasons":[],"startAt":1762447852781,"status":"passed","title":"renders with empty children"},{"ancestorTitles":["Label","Rendering"],"duration":11,"failing":false,"failureDetails":[],"failureMessages":[],"fullName":"Label Rendering renders with complex children","invocations":1,"location":null,"numPassingAsserts":2,"retryReasons":[],"startAt":1762447852783,"status":"passed","title":"renders with complex children"},{"ancestorTitles":["Label","Rendering"],"duration":2,"failing":false,"failureDetails":[],"failureMessages":[],"fullName":"Label Rendering renders with number children","invocations":1,"location":null,"numPassingAsserts":1,"retryReasons":[],"startAt":1762447852794,"status":"passed","title":"renders with number children"},{"ancestorTitles":["Label","Label Attributes"],"duration":3,"failing":false,"failureDetails":[],"failureMessages":[],"fullName":"Label Label Attributes passes htmlFor attribute correctly","invocations":1,"location":null,"numPassingAsserts":1,"retryReasons":[],"startAt":1762447852796,"status":"passed","title":"passes htmlFor attribute correctly"},{"ancestorTitles":["Label","Label Attributes"],"duration":2,"failing":false,"failureDetails":[],"failureMessages":[],"fullName":"Label Label Attributes passes id attribute correctly","invocations":1,"location":null,"numPassingAsserts":1,"retryReasons":[],"startAt":1762447852799,"status":"passed","title":"passes id attribute correctly"},{"ancestorTitles":["Label","Label Attributes"],"duration":2,"failing":false,"failureDetails":[],"failureMessages":[],"fullName":"Label Label Attributes passes data-testid attribute correctly","invocations":1,"location":null,"numPassingAsserts":1,"retryReasons":[],"startAt":1762447852801,"status":"passed","title":"passes data-testid attribute correctly"},{"ancestorTitles":["Label","Label Attributes"],"duration":1,"failing":false,"failureDetails":[],"failureMessages":[],"fullName":"Label Label Attributes passes className attribute correctly","invocations":1,"location":null,"numPassingAsserts":1,"retryReasons":[],"startAt":1762447852804,"status":"passed","title":"passes className attribute correctly"},{"ancestorTitles":["Label","Label Attributes"],"duration":2,"failing":false,"failureDetails":[],"failureMessages":[],"fullName":"Label Label Attributes passes aria-label attribute correctly","invocations":1,"location":null,"numPassingAsserts":1,"retryReasons":[],"startAt":1762447852805,"status":"passed","title":"passes aria-label attribute correctly"},{"ancestorTitles":["Label","Label Attributes"],"duration":4,"failing":false,"failureDetails":[],"failureMessages":[],"fullName":"Label Label Attributes passes multiple attributes correctly","invocations":1,"location":null,"numPassingAsserts":5,"retryReasons":[],"startAt":1762447852807,"status":"passed","title":"passes multiple attributes correctly"},{"ancestorTitles":["Label","Required Indicator"],"duration":3,"failing":false,"failureDetails":[],"failureMessages":[],"fullName":"Label Required Indicator renders required indicator when required is true","invocations":1,"location":null,"numPassingAsserts":2,"retryReasons":[],"startAt":1762447852811,"status":"passed","title":"renders required indicator when required is true"},{"ancestorTitles":["Label","Required Indicator"],"duration":2,"failing":false,"failureDetails":[],"failureMessages":[],"fullName":"Label Required Indicator does not render required indicator when required is false","invocations":1,"location":null,"numPassingAsserts":2,"retryReasons":[],"startAt":1762447852815,"status":"passed","title":"does not render required indicator when required is false"},{"ancestorTitles":["Label","Required Indicator"],"duration":3,"failing":false,"failureDetails":[],"failureMessages":[],"fullName":"Label Required Indicator does not render required indicator when required is not specified","invocations":1,"location":null,"numPassingAsserts":2,"retryReasons":[],"startAt":1762447852817,"status":"passed","title":"does not render required indicator when required is not specified"},{"ancestorTitles":["Label","Required Indicator"],"duration":3,"failing":false,"failureDetails":[],"failureMessages":[],"fullName":"Label Required Indicator renders required indicator with custom text","invocations":1,"location":null,"numPassingAsserts":2,"retryReasons":[],"startAt":1762447852820,"status":"passed","title":"renders required indicator with custom text"},{"ancestorTitles":["Label","Label Sizes"],"duration":2,"failing":false,"failureDetails":[],"failureMessages":[],"fullName":"Label Label Sizes renders with small size","invocations":1,"location":null,"numPassingAsserts":1,"retryReasons":[],"startAt":1762447852823,"status":"passed","title":"renders with small size"},{"ancestorTitles":["Label","Label Sizes"],"duration":2,"failing":false,"failureDetails":[],"failureMessages":[],"fullName":"Label Label Sizes renders with medium size","invocations":1,"location":null,"numPassingAsserts":1,"retryReasons":[],"startAt":1762447852825,"status":"passed","title":"renders with medium size"},{"ancestorTitles":["Label","Label Sizes"],"duration":2,"failing":false,"failureDetails":[],"failureMessages":[],"fullName":"Label Label Sizes renders with large size","invocations":1,"location":null,"numPassingAsserts":1,"retryReasons":[],"startAt":1762447852827,"status":"passed","title":"renders with large size"},{"ancestorTitles":["Label","Label Sizes"],"duration":2,"failing":false,"failureDetails":[],"failureMessages":[],"fullName":"Label Label Sizes renders with default size when none specified","invocations":1,"location":null,"numPassingAsserts":1,"retryReasons":[],"startAt":1762447852829,"status":"passed","title":"renders with default size when none specified"},{"ancestorTitles":["Label","Label Variants"],"duration":2,"failing":false,"failureDetails":[],"failureMessages":[],"fullName":"Label Label Variants renders with error variant","invocations":1,"location":null,"numPassingAsserts":1,"retryReasons":[],"startAt":1762447852831,"status":"passed","title":"renders with error variant"},{"ancestorTitles":["Label","Label Variants"],"duration":2,"failing":false,"failureDetails":[],"failureMessages":[],"fullName":"Label Label Variants renders with success variant","invocations":1,"location":null,"numPassingAsserts":1,"retryReasons":[],"startAt":1762447852833,"status":"passed","title":"renders with success variant"},{"ancestorTitles":["Label","Label Variants"],"duration":2,"failing":false,"failureDetails":[],"failureMessages":[],"fullName":"Label Label Variants renders with warning variant","invocations":1,"location":null,"numPassingAsserts":1,"retryReasons":[],"startAt":1762447852835,"status":"passed","title":"renders with warning variant"},{"ancestorTitles":["Label","Label Variants"],"duration":2,"failing":false,"failureDetails":[],"failureMessages":[],"fullName":"Label Label Variants renders with default variant when none specified","invocations":1,"location":null,"numPassingAsserts":2,"retryReasons":[],"startAt":1762447852837,"status":"passed","title":"renders with default variant when none specified"},{"ancestorTitles":["Label","Accessibility"],"duration":1,"failing":false,"failureDetails":[],"failureMessages":[],"fullName":"Label Accessibility has correct semantic structure","invocations":1,"location":null,"numPassingAsserts":1,"retryReasons":[],"startAt":1762447852840,"status":"passed","title":"has correct semantic structure"},{"ancestorTitles":["Label","Accessibility"],"duration":3,"failing":false,"failureDetails":[],"failureMessages":[],"fullName":"Label Accessibility supports screen readers with aria-label","invocations":1,"location":null,"numPassingAsserts":1,"retryReasons":[],"startAt":1762447852841,"status":"passed","title":"supports screen readers with aria-label"},{"ancestorTitles":["Label","Accessibility"],"duration":25,"failing":false,"failureDetails":[],"failureMessages":[],"fullName":"Label Accessibility associates with form elements using htmlFor","invocations":1,"location":null,"numPassingAsserts":2,"retryReasons":[],"startAt":1762447852844,"status":"passed","title":"associates with form elements using htmlFor"},{"ancestorTitles":["Label","Edge Cases"],"duration":3,"failing":false,"failureDetails":[],"failureMessages":[],"fullName":"Label Edge Cases handles null children gracefully","invocations":1,"location":null,"numPassingAsserts":1,"retryReasons":[],"startAt":1762447852870,"status":"passed","title":"handles null children gracefully"},{"ancestorTitles":["Label","Edge Cases"],"duration":9,"failing":false,"failureDetails":[],"failureMessages":[],"fullName":"Label Edge Cases handles undefined children gracefully","invocations":1,"location":null,"numPassingAsserts":1,"retryReasons":[],"startAt":1762447852873,"status":"passed","title":"handles undefined children gracefully"},{"ancestorTitles":["Label","Edge Cases"],"duration":1,"failing":false,"failureDetails":[],"failureMessages":[],"fullName":"Label Edge Cases handles boolean children gracefully","invocations":1,"location":null,"numPassingAsserts":1,"retryReasons":[],"startAt":1762447852882,"status":"passed","title":"handles boolean children gracefully"},{"ancestorTitles":["Label","Edge Cases"],"duration":1,"failing":false,"failureDetails":[],"failureMessages":[],"fullName":"Label Edge Cases handles zero as children","invocations":1,"location":null,"numPassingAsserts":1,"retryReasons":[],"startAt":1762447852884,"status":"passed","title":"handles zero as children"},{"ancestorTitles":["Label","Edge Cases"],"duration":2,"failing":false,"failureDetails":[],"failureMessages":[],"fullName":"Label Edge Cases handles empty string children","invocations":1,"location":null,"numPassingAsserts":1,"retryReasons":[],"startAt":1762447852885,"status":"passed","title":"handles empty string children"},{"ancestorTitles":["Label","Edge Cases"],"duration":2,"failing":false,"failureDetails":[],"failureMessages":[],"fullName":"Label Edge Cases handles invalid variant gracefully","invocations":1,"location":null,"numPassingAsserts":2,"retryReasons":[],"startAt":1762447852887,"status":"passed","title":"handles invalid variant gracefully"},{"ancestorTitles":["Label","Edge Cases"],"duration":2,"failing":false,"failureDetails":[],"failureMessages":[],"fullName":"Label Edge Cases handles invalid size gracefully","invocations":1,"location":null,"numPassingAsserts":2,"retryReasons":[],"startAt":1762447852889,"status":"passed","title":"handles invalid size gracefully"},{"ancestorTitles":["Label","Combined Props"],"duration":3,"failing":false,"failureDetails":[],"failureMessages":[],"fullName":"Label Combined Props combines variant, size, required, and custom className","invocations":1,"location":null,"numPassingAsserts":2,"retryReasons":[],"startAt":1762447852891,"status":"passed","title":"combines variant, size, required, and custom className"},{"ancestorTitles":["Label","Combined Props"],"duration":2,"failing":false,"failureDetails":[],"failureMessages":[],"fullName":"Label Combined Props combines htmlFor, required, and custom required text","invocations":1,"location":null,"numPassingAsserts":2,"retryReasons":[],"startAt":1762447852895,"status":"passed","title":"combines htmlFor, required, and custom required text"}],"endTime":1762447852899,"message":"","name":"/home/runner/work/fleetwise-frontend/fleetwise-frontend/tests/integration/Label.test.tsx","startTime":1762447852441,"status":"passed","summary":""},{"assertionResults":[{"ancestorTitles":["Badge","Rendering"],"duration":14,"failing":false,"failureDetails":[],"failureMessages":[],"fullName":"Badge Rendering renders the badge with correct children","invocations":1,"location":null,"numPassingAsserts":1,"retryReasons":[],"startAt":1762447853377,"status":"passed","title":"renders the badge with correct children"},{"ancestorTitles":["Badge","Rendering"],"duration":2,"failing":false,"failureDetails":[],"failureMessages":[],"fullName":"Badge Rendering renders with empty children","invocations":1,"location":null,"numPassingAsserts":1,"retryReasons":[],"startAt":1762447853391,"status":"passed","title":"renders with empty children"},{"ancestorTitles":["Badge","Rendering"],"duration":3,"failing":false,"failureDetails":[],"failureMessages":[],"fullName":"Badge Rendering renders with complex children","invocations":1,"location":null,"numPassingAsserts":2,"retryReasons":[],"startAt":1762447853393,"status":"passed","title":"renders with complex children"},{"ancestorTitles":["Badge","Rendering"],"duration":2,"failing":false,"failureDetails":[],"failureMessages":[],"fullName":"Badge Rendering renders with number children","invocations":1,"location":null,"numPassingAsserts":1,"retryReasons":[],"startAt":1762447853396,"status":"passed","title":"renders with number children"},{"ancestorTitles":["Badge","Badge Variants"],"duration":2,"failing":false,"failureDetails":[],"failureMessages":[],"fullName":"Badge Badge Variants renders with success variant","invocations":1,"location":null,"numPassingAsserts":1,"retryReasons":[],"startAt":1762447853398,"status":"passed","title":"renders with success variant"},{"ancestorTitles":["Badge","Badge Variants"],"duration":8,"failing":false,"failureDetails":[],"failureMessages":[],"fullName":"Badge Badge Variants renders with warning variant","invocations":1,"location":null,"numPassingAsserts":1,"retryReasons":[],"startAt":1762447853400,"status":"passed","title":"renders with warning variant"},{"ancestorTitles":["Badge","Badge Variants"],"duration":2,"failing":false,"failureDetails":[],"failureMessages":[],"fullName":"Badge Badge Variants renders with danger variant","invocations":1,"location":null,"numPassingAsserts":1,"retryReasons":[],"startAt":1762447853408,"status":"passed","title":"renders with danger variant"},{"ancestorTitles":["Badge","Badge Variants"],"duration":2,"failing":false,"failureDetails":[],"failureMessages":[],"fullName":"Badge Badge Variants renders with info variant","invocations":1,"location":null,"numPassingAsserts":1,"retryReasons":[],"startAt":1762447853410,"status":"passed","title":"renders with info variant"},{"ancestorTitles":["Badge","Badge Variants"],"duration":2,"failing":false,"failureDetails":[],"failureMessages":[],"fullName":"Badge Badge Variants renders with default variant when none specified","invocations":1,"location":null,"numPassingAsserts":2,"retryReasons":[],"startAt":1762447853412,"status":"passed","title":"renders with default variant when none specified"},{"ancestorTitles":["Badge","Badge Variants"],"duration":2,"failing":false,"failureDetails":[],"failureMessages":[],"fullName":"Badge Badge Variants renders with custom variant","invocations":1,"location":null,"numPassingAsserts":1,"retryReasons":[],"startAt":1762447853414,"status":"passed","title":"renders with custom variant"},{"ancestorTitles":["Badge","Badge Attributes"],"duration":3,"failing":false,"failureDetails":[],"failureMessages":[],"fullName":"Badge Badge Attributes passes id attribute correctly","invocations":1,"location":null,"numPassingAsserts":1,"retryReasons":[],"startAt":1762447853416,"status":"passed","title":"passes id attribute correctly"},{"ancestorTitles":["Badge","Badge Attributes"],"duration":2,"failing":false,"failureDetails":[],"failureMessages":[],"fullName":"Badge Badge Attributes passes data-testid attribute correctly","invoca
[...]
b[39m\n                  \u001b[36m>\u001b[39m\n                    \u001b[0mAirport\u001b[0m\n                  \u001b[36m</dd>\u001b[39m\n                \u001b[36m</div>\u001b[39m\n                \u001b[36m<div>\u001b[39m\n                  \u001b[36m<dt\u001b[39m\n                    \u001b[33mclass\u001b[39m=\u001b[32m\"text-sm font-medium text-text-secondary\"\u001b[39m\n                  \u001b[36m>\u001b[39m\n                    \u001b[0mPickup\u001b[0m\n                  \u001b[36m</dt>\u001b[39m\n                  \u001b[36m<dd\u001b[39m\n                    \u001b[33mclass\u001b[39m=\u001b[32m\"mt-1 text-sm text-text-main break-words\"\u001b[39m\n                  \u001b[36m>\u001b[39m\n                    \u001b[0mAirport\u001b[0m\n                  \u001b[36m</dd>\u001b[39m\n                \u001b[36m</div>\u001b[39m\n                \u001b[36m<div>\u001b[39m\n                  \u001b[36m<dt\u001b[39m\n                    \u001b[33mclass\u001b[39m=\u001b[32m\"text-sm font-medium text-text-secondary\"\u001b[39m\n                  \u001b[36m>\u001b[39m\n                    \u001b[0mDrop-off\u001b[0m\n                  \u001b[36m</dt>\u001b[39m\n                  \u001b[36m<dd\u001b[39m\n                    \u001b[33mclass\u001b[39m=\u001b[32m\"mt-1 text-sm text-text-main break-words\"\u001b[39m\n                  \u001b[36m>\u001b[39m\n                    \u001b[0mHotel\u001b[0m\n                  \u001b[36m</dd>\u001b[39m\n                \u001b[36m</div>\u001b[39m\n                \u001b[36m<div>\u001b[39m\n                  \u001b[36m<dt\u001b[39m\n                    \u001b[33mclass\u001b[39m=\u001b[32m\"text-sm font-medium text-text-secondary\"\u001b[39m\n                  \u001b[36m>\u001b[39m\n                    \u001b[0mDate & Time\u001b[0m\n                  \u001b[36m</dt>\u001b[39m\n                  \u001b[36m<dd\u001b[39m\n                    \u001b[33mclass\u001b[39m=\u001b[32m\"mt-1 text-sm text-text-main break-words\"\u001b[39m\n                  \u001b[36m>\u001b[39m\n                    \u001b[0m2024-01-01 at 10:00\u001b[0m\n                  \u001b[36m</dd>\u001b[39m\n                \u001b[36m</div>\u001b[39m\n              \u001b[36m</dl>\u001b[39m\n            \u001b[36m</div>\u001b[39m\n            \u001b[36m<div\u001b[39m\n              \u001b[33mclass\u001b[39m=\u001b[32m\"relative p-4 rounded-xl border-2 border-blue-500/60 bg-background-light shadow-lg mb-2 mt-2\"\u001b[39m\n              \u001b[33mstyle\u001b[39m=\u001b[32m\"box-shadow: 0 0 16px 2px rgba(59,130,246,0.3);\"\u001b[39m\n            \u001b[36m>\u001b[39m\n              \u001b[36m<span\u001b[39m\n                \u001b[33mclass\u001b[39m=\u001b[32m\"absolute -top-4 left-4 px-3 py-1 bg-gradient-to-r from-blue-600 to-cyan-500 text-white text-sm font-bold rounded-full shadow-lg drop-shadow-[0_0_8px_rgba(59,130,246,0.7)] border-2 border-blue-400\"\u001b[39m\n              \u001b[36m>\u001b[39m\n                \u001b[0mPricing\u001b[0m\n              \u001b[36m</span>\u001b[39m\n              \u001b[36m<dl\u001b[39m\n                \u001b[33mclass\u001b[39m=\u001b[32m\"space-y-4 mt-2\"\u001b[39m\n              \u001b[36m>\u001b[39m\n                \u001b[36m<div>\u001b[39m\n                  \u001b[36m<dt\u001b[39m\n                    \u001b[33mclass\u001b[39m=\u001b[32m\"text-sm font-medium text-text-secondary\"\u001b[39m\n                  \u001b[36m>\u001b[39m\n                    \u001b[0mBase Price\u001b[0m\n                  \u001b[36m</dt>\u001b[39m\n                  \u001b[36m<dd\u001b[39m\n                    \u001b[33mclass\u001b[39m=\u001b[32m\"mt-1 text-sm text-text-main break-words\"\u001b[39m\n                  \u001b[36m>\u001b[39m\n                    \u001b[0mS$ 100.00\u001b[0m\n                  \u001b[36m</dd>\u001b[39m\n                \u001b[36m</div>\u001b[39m\n                \u001b[36m<div>\u001b[39m\n                  \u001b[36m<dt\u001b[39m\n                    \u001b[33mclass\u001b[39m=\u001b[32m\"text-sm font-medium text-text-secondary\"\u001b[39m\n                  \u001b[36m>\u001b[39m\n                    \u001b[0mFinal Price\u001b[0m\n                  \u001b[36m</dt>\u001b[39m\n                  \u001b[36m<dd\u001b[39m\n                    \u001b[33mclass\u001b[39m=\u001b[32m\"mt-1 text-sm text-text-main break-words\"\u001b[39m\n                  \u001b[36m>\u001b[39m\n                    \u001b[0mS$ 120.00\u001b[0m\n                  \u001b[36m</dd>\u001b[39m\n                \u001b[36m</div>\u001b[39m\n              \u001b[36m</dl>\u001b[39m\n            \u001b[36m</div>\u001b[39m\n            \u001b[36m<div\u001b[39m\n              \u001b[33mclass\u001b[39m=\u001b[32m\"relative p-4 rounded-xl border-2 border-blue-500/60 bg-background-light shadow-lg mb-2 mt-2\"\u001b[39m\n              \u001b[33mstyle\u001b[39m=\u001b[32m\"box-shadow: 0 0 16px 2px rgba(59,130,246,0.3);\"\u001b[39m\n            \u001b[36m>\u001b[39m\n              \u001b[36m<span\u001b[39m\n                \u001b[33mclass\u001b[39m=\u001b[32m\"absolute -top-4 left-4 px-3 py-1 bg-gradient-to-r from-blue-600 to-cyan-500 text-white text-sm font-bold rounded-full shadow-lg drop-shadow-[0_0_8px_rgba(59,130,246,0.7)] border-2 border-blue-400\"\u001b[39m\n              \u001b[36m>\u001b[39m\n                \u001b[0mAssignment & Other\u001b[0m\n              \u001b[36m</span>\u001b[39m\n              \u001b[36m<dl\u001b[39m\n                \u001b[33mclass\u001b[39m=\u001b[32m\"space-y-4 mt-2\"\u001b[39m\n              \u001b[36m>\u001b[39m\n                \u001b[36m<div>\u001b[39m\n                  \u001b[36m<dt\u001b[39m\n                    \u001b[33mclass\u001b[39m=\u001b[32m\"text-sm font-medium text-text-secondary\"\u001b[39m\n                  \u001b[36m>\u001b[39m\n                    \u001b[0mVehicle\u001b[0m\n                  \u001b[36m</dt>\u001b[39m\n                  \u001b[36m<dd\u001b[39m\n                    \u001b[33mclass\u001b[39m=\u001b[32m\"mt-1 text-sm text-text-main break-words\"\u001b[39m\n                  \u001b[36m>\u001b[39m\n                    \u001b[0mNot Assigned\u001b[0m\n                  \u001b[36m</dd>\u001b[39m\n                \u001b[36m</div>\u001b[39m\n                \u001b[36m<div>\u001b[39m\n                  \u001b[36m<dt\u001b[39m\n                    \u001b[33mclass\u001b[39m=\u001b[32m\"text-sm font-medium text-text-secondary\"\u001b[39m\n                  \u001b[36m>\u001b[39m\n                    \u001b[0mDriver\u001b[0m\n                  \u001b[36m</dt>\u001b[39m\n                  \u001b[36m<dd\u001b[39m\n                    \u001b[33mclass\u001b[39m=\u001b[32m\"mt-1 text-sm text-text-main break-words\"\u001b[39m\n                  \u001b[36m>\u001b[39m\n                    \u001b[0mNot Assigned\u001b[0m\n                  \u001b[36m</dd>\u001b[39m\n                \u001b[36m</div>\u001b[39m\n                \u001b[36m<div>\u001b[39m\n                  \u001b[36m<dt\u001b[39m\n                    \u001b[33mclass\u001b[39m=\u001b[32m\"text-sm font-medium text-text-secondary\"\u001b[39m\n                  \u001b[36m>\u001b[39m\n                    \u001b[0mVehicle Type\u001b[0m\n                  \u001b[36m</dt>\u001b[39m\n                  \u001b[36m<dd\u001b[39m\n                    \u001b[33mclass\u001b[39m=\u001b[32m\"mt-1 text-sm text-text-main break-words\"\u001b[39m\n                  \u001b[36m>\u001b[39m\n                    \u001b[0mNot Assigned\u001b[0m\n                  \u001b[36m</dd>\u001b[39m\n                \u001b[36m</div>\u001b[39m\n              \u001b[36m</dl>\u001b[39m\n            \u001b[36m</div>\u001b[39m\n          \u001b[36m</div>\u001b[39m\n        \u001b[36m</div>\u001b[39m\n      \u001b[36m</div>\u001b[39m\n    \u001b[36m</body>\u001b[39m\n\n    \u001b[0m \u001b[90m 32 |\u001b[39m     expect(airportMatches\u001b[33m.\u001b[39mlength)\u001b[33m.\u001b[39mtoBeGreaterThanOrEqual(\u001b[35m2\u001b[39m)\u001b[33m;\u001b[39m\n     \u001b[90m 33 |\u001b[39m     expect(screen\u001b[33m.\u001b[39mgetByText(\u001b[32m'Hotel'\u001b[39m))\u001b[33m.\u001b[39mtoBeInTheDocument()\u001b[33m;\u001b[39m\n    \u001b[31m\u001b[1m>\u001b[22m\u001b[39m\u001b[90m 34 |\u001b[39m     expect(screen\u001b[33m.\u001b[39mgetByText(\u001b[32m'120.00'\u001b[39m))\u001b[33m.\u001b[39mtoBeInTheDocument()\u001b[33m;\u001b[39m\n     \u001b[90m    |\u001b[39m                   \u001b[31m\u001b[1m^\u001b[22m\u001b[39m\n     \u001b[90m 35 |\u001b[39m     expect(screen\u001b[33m.\u001b[39mgetByText(\u001b[32m'Pending'\u001b[39m))\u001b[33m.\u001b[39mtoBeInTheDocument()\u001b[33m;\u001b[39m\n     \u001b[90m 36 |\u001b[39m     expect(screen\u001b[33m.\u001b[39mgetByText(\u001b[32m'Active'\u001b[39m))\u001b[33m.\u001b[39mtoBeInTheDocument()\u001b[33m;\u001b[39m\n     \u001b[90m 37 |\u001b[39m     expect(screen\u001b[33m.\u001b[39mgetByText(\u001b[32m'REF1'\u001b[39m))\u001b[33m.\u001b[39mtoBeInTheDocument()\u001b[33m;\u001b[39m\u001b[0m\n\n      at Object.getElementError (node_modules/@testing-library/dom/dist/config.js:37:19)\n      at node_modules/@testing-library/dom/dist/query-helpers.js:76:38\n      at node_modules/@testing-library/dom/dist/query-helpers.js:52:17\n      at node_modules/@testing-library/dom/dist/query-helpers.js:95:19\n      at Object.getByText (tests/unit/JobDetailCard.test.tsx:34:19)\n","name":"/home/runner/work/fleetwise-frontend/fleetwise-frontend/tests/unit/JobDetailCard.test.tsx","startTime":1762447860416,"status":"failed","summary":""},{"assertionResults":[{"ancestorTitles":["TableSkeleton"],"duration":42,"failing":false,"failureDetails":[],"failureMessages":[],"fullName":"TableSkeleton renders default skeleton with 6 rows and 8 columns","invocations":1,"location":null,"numPassingAsserts":1,"retryReasons":[],"startAt":1762447860988,"status":"passed","title":"renders default skeleton with 6 rows and 8 columns"},{"ancestorTitles":["TableSkeleton"],"duration":7,"failing":false,"failureDetails":[],"failureMessages":[],"fullName":"TableSkeleton renders custom skeleton with 3 rows and 4 columns","invocations":1,"location":null,"numPassingAsserts":1,"retryReasons":[],"startAt":1762447861030,"status":"passed","title":"renders custom skeleton with 3 rows and 4 columns"}],"endTime":1762447861037,"message":"","name":"/home/runner/work/fleetwise-frontend/fleetwise-frontend/tests/unit/TableSkeleton.test.tsx","startTime":1762447860817,"status":"passed","summary":""},{"assertionResults":[{"ancestorTitles":["MainNavigation"],"duration":9,"failing":false,"failureDetails":[{}],"failureMessages":["Error: Element type is invalid: expected a string (for built-in components) or a class/function (for composite components) but got: undefined. You likely forgot to export your component from the file it's defined in, or you might have mixed up default and named imports.\n    at createFiberFromTypeAndProps (/home/runner/work/fleetwise-frontend/fleetwise-frontend/node_modules/react-dom/cjs/react-dom-client.development.js:4259:28)\n    at createFiberFromElement (/home/runner/work/fleetwise-frontend/fleetwise-frontend/node_modules/react-dom/cjs/react-dom-client.development.js:4273:14)\n    at reconcileChildFibersImpl (/home/runner/work/fleetwise-frontend/fleetwise-frontend/node_modules/react-dom/cjs/react-dom-client.development.js:7879:31)\n    at /home/runner/work/fleetwise-frontend/fleetwise-frontend/node_modules/react-dom/cjs/react-dom-client.development.js:8057:33\n    at reconcileChildren (/home/runner/work/fleetwise-frontend/fleetwise-frontend/node_modules/react-dom/cjs/react-dom-client.development.js:8622:13)\n    at beginWork (/home/runner/work/fleetwise-frontend/fleetwise-frontend/node_modules/react-dom/cjs/react-dom-client.development.js:10643:15)\n    at runWithFiberInDEV (/home/runner/work/fleetwise-frontend/fleetwise-frontend/node_modules/react-dom/cjs/react-dom-client.development.js:1522:13)\n    at performUnitOfWork (/home/runner/work/fleetwise-frontend/fleetwise-frontend/node_modules/react-dom/cjs/react-dom-client.development.js:15140:22)\n    at workLoopSync (/home/runner/work/fleetwise-frontend/fleetwise-frontend/node_modules/react-dom/cjs/react-dom-client.development.js:14956:41)\n    at renderRootSync (/home/runner/work/fleetwise-frontend/fleetwise-frontend/node_modules/react-dom/cjs/react-dom-client.development.js:14936:11)\n    at performWorkOnRoot (/home/runner/work/fleetwise-frontend/fleetwise-frontend/node_modules/react-dom/cjs/react-dom-client.development.js:14462:44)\n    at performWorkOnRootViaSchedulerTask (/home/runner/work/fleetwise-frontend/fleetwise-frontend/node_modules/react-dom/cjs/react-dom-client.development.js:16216:7)\n    at flushActQueue (/home/runner/work/fleetwise-frontend/fleetwise-frontend/node_modules/react/cjs/react.development.js:566:34)\n    at process.env.NODE_ENV.exports.act (/home/runner/work/fleetwise-frontend/fleetwise-frontend/node_modules/react/cjs/react.development.js:859:10)\n    at /home/runner/work/fleetwise-frontend/fleetwise-frontend/node_modules/@testing-library/react/dist/act-compat.js:47:25\n    at renderRoot (/home/runner/work/fleetwise-frontend/fleetwise-frontend/node_modules/@testing-library/react/dist/pure.js:190:26)\n    at render (/home/runner/work/fleetwise-frontend/fleetwise-frontend/node_modules/@testing-library/react/dist/pure.js:292:10)\n    at Object.<anonymous> (/home/runner/work/fleetwise-frontend/fleetwise-frontend/tests/unit/MainNavigation.test.tsx:7:11)\n    at Promise.finally.completed (/home/runner/work/fleetwise-frontend/fleetwise-frontend/node_modules/jest-circus/build/jestAdapterInit.js:1559:28)\n    at new Promise (<anonymous>)\n    at callAsyncCircusFn (/home/runner/work/fleetwise-frontend/fleetwise-frontend/node_modules/jest-circus/build/jestAdapterInit.js:1499:10)\n    at _callCircusTest (/home/runner/work/fleetwise-frontend/fleetwise-frontend/node_modules/jest-circus/build/jestAdapterInit.js:1009:40)\n    at _runTest (/home/runner/work/fleetwise-frontend/fleetwise-frontend/node_modules/jest-circus/build/jestAdapterInit.js:949:3)\n    at _runTestsForDescribeBlock (/home/runner/work/fleetwise-frontend/fleetwise-frontend/node_modules/jest-circus/build/jestAdapterInit.js:839:13)\n    at _runTestsForDescribeBlock (/home/runner/work/fleetwise-frontend/fleetwise-frontend/node_modules/jest-circus/build/jestAdapterInit.js:829:11)\n    at run (/home/runner/work/fleetwise-frontend/fleetwise-frontend/node_modules/jest-circus/build/jestAdapterInit.js:757:3)\n    at runAndTransformResultsToJestFormat (/home/runner/work/fleetwise-frontend/fleetwise-frontend/node_modules/jest-circus/build/jestAdapterInit.js:1920:21)\n    at jestAdapter (/home/runner/work/fleetwise-frontend/fleetwise-frontend/node_modules/jest-circus/build/runner.js:101:19)\n    at runTestInternal (/home/runner/work/fleetwise-frontend/fleetwise-frontend/node_modules/jest-runner/build/index.js:272:16)\n    at runTest (/home/runner/work/fleetwise-frontend/fleetwise-frontend/node_modules/jest-runner/build/index.js:340:7)"],"fullName":"MainNavigation renders navigation bar","invocations":1,"location":null,"numPassingAsserts":0,"retryReasons":[],"startAt":1762447861269,"status":"failed","title":"renders navigation bar"}],"endTime":1762447861292,"message":"  ● MainNavigation › renders navigation bar\n\n    Element type is invalid: expected a string (for built-in components) or a class/function (for composite components) but got: undefined. You likely forgot to export your component from the file it's defined in, or you might have mixed up default and named imports.\n\n    \u001b[0m \u001b[90m  5 |\u001b[39m describe(\u001b[32m'MainNavigation'\u001b[39m\u001b[33m,\u001b[39m () \u001b[33m=>\u001b[39m {\n     \u001b[90m  6 |\u001b[39m   it(\u001b[32m'renders navigation bar'\u001b[39m\u001b[33m,\u001b[39m () \u001b[33m=>\u001b[39m {\n    \u001b[31m\u001b[1m>\u001b[22m\u001b[39m\u001b[90m  7 |\u001b[39m     render(\u001b[33m<\u001b[39m\u001b[33mMainNavigation\u001b[39m \u001b[33m/\u001b[39m\u001b[33m>\u001b[39m)\u001b[33m;\u001b[39m\n     \u001b[90m    |\u001b[39m           \u001b[31m\u001b[1m^\u001b[22m\u001b[39m\n     \u001b[90m  8 |\u001b[39m     expect(screen\u001b[33m.\u001b[39mgetByText(\u001b[32m'Fleet Management'\u001b[39m))\u001b[33m.\u001b[39mtoBeInTheDocument()\u001b[33m;\u001b[39m\n     \u001b[90m  9 |\u001b[39m   })\u001b[33m;\u001b[39m\n     \u001b[90m 10 |\u001b[39m })\u001b[33m;\u001b[39m \u001b[0m\n\n      at createFiberFromTypeAndProps (node_modules/react-dom/cjs/react-dom-client.development.js:4259:28)\n      at createFiberFromElement (node_modules/react-dom/cjs/react-dom-client.development.js:4273:14)\n      at reconcileChildFibersImpl (node_modules/react-dom/cjs/react-dom-client.development.js:7879:31)\n      at node_modules/react-dom/cjs/react-dom-client.development.js:8057:33\n      at reconcileChildren (node_modules/react-dom/cjs/react-dom-client.development.js:8622:13)\n      at beginWork (node_modules/react-dom/cjs/react-dom-client.development.js:10643:15)\n      at runWithFiberInDEV (node_modules/react-dom/cjs/react-dom-client.development.js:1522:13)\n      at performUnitOfWork (node_modules/react-dom/cjs/react-dom-client.development.js:15140:22)\n      at workLoopSync (node_modules/react-dom/cjs/react-dom-client.development.js:14956:41)\n      at renderRootSync (node_modules/react-dom/cjs/react-dom-client.development.js:14936:11)\n      at performWorkOnRoot (node_modules/react-dom/cjs/react-dom-client.development.js:14462:44)\n      at performWorkOnRootViaSchedulerTask (node_modules/react-dom/cjs/react-dom-client.development.js:16216:7)\n      at flushActQueue (node_modules/react/cjs/react.development.js:566:34)\n      at process.env.NODE_ENV.exports.act (node_modules/react/cjs/react.development.js:859:10)\n      at node_modules/@testing-library/react/dist/act-compat.js:47:25\n      at renderRoot (node_modules/@testing-library/react/dist/pure.js:190:26)\n      at render (node_modules/@testing-library/react/dist/pure.js:292:10)\n      at Object.<anonymous> (tests/unit/MainNavigation.test.tsx:7:11)\n","name":"/home/runner/work/fleetwise-frontend/fleetwise-frontend/tests/unit/MainNavigation.test.tsx","startTime":1762447861052,"status":"failed","summary":""},{"assertionResults":[],"coverage":{},"endTime":1762447862158,"message":"  ● Test suite failed to run\n\n    Your test suite must contain at least one test.\n\n      at onResult (node_modules/@jest/core/build/index.js:1052:18)\n      at node_modules/@jest/core/build/index.js:1122:165\n      at node_modules/emittery/index.js:363:13\n          at Array.map (<anonymous>)\n      at Emittery.emit (node_modules/emittery/index.js:361:23)\n","name":"/home/runner/work/fleetwise-frontend/fleetwise-frontend/tests/unit/useVehicles.test.tsx","startTime":1762447862158,"status":"failed","summary":""},{"assertionResults":[],"coverage":{},"endTime":1762447862158,"message":"  ● Test suite failed to run\n\n    Your test suite must contain at least one test.\n\n      at onResult (node_modules/@jest/core/build/index.js:1052:18)\n      at node_modules/@jest/core/build/index.js:1122:165\n      at node_modules/emittery/index.js:363:13\n          at Array.map (<anonymous>)\n      at Emittery.emit (node_modules/emittery/index.js:361:23)\n","name":"/home/runner/work/fleetwise-frontend/fleetwise-frontend/tests/unit/useServices.test.tsx","startTime":1762447862158,"status":"failed","summary":""},{"assertionResults":[],"coverage":{},"endTime":1762447862158,"message":"  ● Test suite failed to run\n\n    Your test suite must contain at least one test.\n\n      at onResult (node_modules/@jest/core/build/index.js:1052:18)\n      at node_modules/@jest/core/build/index.js:1122:165\n      at node_modules/emittery/index.js:363:13\n          at Array.map (<anonymous>)\n      at Emittery.emit (node_modules/emittery/index.js:361:23)\n","name":"/home/runner/work/fleetwise-frontend/fleetwise-frontend/tests/unit/useDrivers.test.tsx","startTime":1762447862158,"status":"failed","summary":""}],"wasInterrupted":false}
